<?xml version="1.0" encoding="UTF-8"?>
<!-- Generated by org.testng.reporters.JUnitXMLReporter -->
<testsuite ignored="0" hostname="Duco-X06U517358" failures="0" tests="2" name="Test Cucumber All Feature Firefox" time="32.286" errors="0" timestamp="2025-07-17T12:27:17 NZST">
  <testcase classname="io.cucumber.testng.AbstractTestNGCucumberTests" name="runScenario" time="20.436"/>
  <testcase classname="io.cucumber.testng.AbstractTestNGCucumberTests" name="runScenario" time="10.098"/>
</testsuite> <!-- Test Cucumber All Feature Firefox -->
