<?xml version="1.0" encoding="UTF-8"?>
<!-- Generated by org.testng.reporters.JUnitXMLReporter -->
<testsuite ignored="0" hostname="Duco-X06U517358" failures="0" tests="2" name="Test Cucumber All Feature Chrome" time="9.892" errors="0" timestamp="2025-07-15T10:21:18 NZST">
  <testcase classname="io.cucumber.testng.AbstractTestNGCucumberTests" name="runScenario" time="3.264"/>
  <testcase classname="io.cucumber.testng.AbstractTestNGCucumberTests" name="runScenario" time="5.135"/>
</testsuite> <!-- Test Cucumber All Feature Chrome -->
