<!DOCTYPE html>

<html>
  <head>
  <meta charset='utf-8'>
  <title>TestNG reports</title>

    <link type="text/css" href="testng-reports1.css" rel="stylesheet" id="ultra" />
    <link type="text/css" href="testng-reports.css" rel="stylesheet" id="retro" disabled="false"/>
    <script type="text/javascript" src="jquery.min.js"></script>
    <script type="text/javascript" src="testng-reports.js"></script>
    <script type="text/javascript" src="https://www.google.com/jsapi"></script>
    <script type='text/javascript'>
      google.load('visualization', '1', {packages:['table']});
      google.setOnLoadCallback(drawTable);
      var suiteTableInitFunctions = new Array();
      var suiteTableData = new Array();
    </script>
    <!--
      <script type="text/javascript" src="jquery-ui/js/jquery-ui-1.8.16.custom.min.js"></script>
     -->
  </head>

  <body>
    <div class="top-banner-root">
      <span class="top-banner-title-font">Test results</span>
      <button id="button" class="button">Switch Retro Theme</button> <!-- button -->
      <br/>
<<<<<<< HEAD
      <span class="top-banner-font-1">1 suite, 6 failed tests</span>
=======
      <span class="top-banner-font-1">1 suite, 1 failed test</span>
>>>>>>> branch 'master' of https://github.com/rijuissac/Selenium-TestNG-Cucumber-Framework.git
    </div> <!-- top-banner-root -->
    <div class="navigator-root">
      <div class="navigator-suite-header">
        <span>All suites</span>
        <a href="#" title="Collapse/expand all the suites" class="collapse-all-link">
          <img src="collapseall.gif" class="collapse-all-icon">
          </img> <!-- collapse-all-icon -->
        </a> <!-- collapse-all-link -->
      </div> <!-- navigator-suite-header -->
      <div class="suite">
        <div class="rounded-window">
          <div class="suite-header light-rounded-window-top">
            <a href="#" panel-name="suite-Suite_Cucumber_All_Feature" class="navigator-link">
              <span class="suite-name border-failed">Suite Cucumber All Feature</span>
            </a> <!-- navigator-link -->
          </div> <!-- suite-header light-rounded-window-top -->
          <div class="navigator-suite-content">
            <div class="suite-section-title">
              <span>Info</span>
            </div> <!-- suite-section-title -->
            <div class="suite-section-content">
              <ul>
                <li>
                  <a href="#" panel-name="test-xml-Suite_Cucumber_All_Feature" class="navigator-link ">
                    <span>C:\Users\riju_\git\Selenium-TestNG-Cucumber-Framework\src\test\resources\suites\SuiteAllFeature.xml</span>
                  </a> <!-- navigator-link  -->
                </li>
                <li>
                  <a href="#" panel-name="testlist-Suite_Cucumber_All_Feature" class="navigator-link ">
                    <span class="test-stats">2 tests</span>
                  </a> <!-- navigator-link  -->
                </li>
                <li>
                  <a href="#" panel-name="group-Suite_Cucumber_All_Feature" class="navigator-link ">
                    <span>1 group</span>
                  </a> <!-- navigator-link  -->
                </li>
                <li>
                  <a href="#" panel-name="times-Suite_Cucumber_All_Feature" class="navigator-link ">
                    <span>Times</span>
                  </a> <!-- navigator-link  -->
                </li>
                <li>
                  <a href="#" panel-name="reporter-Suite_Cucumber_All_Feature" class="navigator-link ">
                    <span>Reporter output</span>
                  </a> <!-- navigator-link  -->
                </li>
                <li>
                  <a href="#" panel-name="ignored-methods-Suite_Cucumber_All_Feature" class="navigator-link ">
                    <span>Ignored methods</span>
                  </a> <!-- navigator-link  -->
                </li>
                <li>
                  <a href="#" panel-name="chronological-Suite_Cucumber_All_Feature" class="navigator-link ">
                    <span>Chronological view</span>
                  </a> <!-- navigator-link  -->
                </li>
              </ul>
            </div> <!-- suite-section-content -->
            <div class="result-section">
              <div class="suite-section-title">
                <span>Results</span>
              </div> <!-- suite-section-title -->
              <div class="suite-section-content">
                <ul>
                  <li>
<<<<<<< HEAD
                    <span class="method-stats">10 methods, 6 failed,   4 passed</span>
=======
                    <span class="method-stats">10 methods, 1 failed,   9 passed</span>
>>>>>>> branch 'master' of https://github.com/rijuissac/Selenium-TestNG-Cucumber-Framework.git
                  </li>
                  <li>
                    <span class="method-list-title failed">Failed methods</span>
                    <span class="show-or-hide-methods failed">
                      <a href="#" panel-name="suite-Suite_Cucumber_All_Feature" class="hide-methods failed suite-Suite_Cucumber_All_Feature"> (hide)</a> <!-- hide-methods failed suite-Suite_Cucumber_All_Feature -->
                      <a href="#" panel-name="suite-Suite_Cucumber_All_Feature" class="show-methods failed suite-Suite_Cucumber_All_Feature"> (show)</a> <!-- show-methods failed suite-Suite_Cucumber_All_Feature -->
                    </span>
                    <div class="method-list-content failed suite-Suite_Cucumber_All_Feature">
                      <span>
                        <img src="failed.png" width="3%"/>
                        <a href="#" panel-name="suite-Suite_Cucumber_All_Feature" title="com.project.runners.RunParallelAllScenarios" class="method navigator-link" hash-for-method="runScenario(&quot;login to the application as an admin&quot;, &quot;Login to the application&quot;)">runScenario("login to the application as an admin", "Login to the application")</a> <!-- method navigator-link -->
                      </span>
                      <br/>
                      <span>
                        <img src="failed.png" width="3%"/>
                        <a href="#" panel-name="suite-Suite_Cucumber_All_Feature" title="com.project.runners.RunParallelAllScenarios" class="method navigator-link" hash-for-method="runScenario(&quot;Successful registration with all mandatory fields&quot;, &quot;Registration Scenarios&quot;)">runScenario("Successful registration with all mandatory fields", "Registration Scenarios")</a> <!-- method navigator-link -->
                      </span>
                      <br/>
<<<<<<< HEAD
                      <span>
                        <img src="failed.png" width="3%"/>
                        <a href="#" panel-name="suite-Suite_Cucumber_All_Feature" title="com.project.runners.RunParallelAllScenarios" class="method navigator-link" hash-for-method="runScenario(&quot;login to the application as customer&quot;, &quot;Login to the application&quot;)">runScenario("login to the application as customer", "Login to the application")</a> <!-- method navigator-link -->
                      </span>
                      <br/>
                      <span>
                        <img src="failed.png" width="3%"/>
                        <a href="#" panel-name="suite-Suite_Cucumber_All_Feature" title="com.project.runners.RunParallelAllScenarios" class="method navigator-link" hash-for-method="runScenario(&quot;Registration fails when email and phone are missing&quot;, &quot;Registration Scenarios&quot;)">runScenario("Registration fails when email and phone are missing", "Registration Scenarios")</a> <!-- method navigator-link -->
                      </span>
                      <br/>
                      <span>
                        <img src="failed.png" width="3%"/>
                        <a href="#" panel-name="suite-Suite_Cucumber_All_Feature" title="com.project.runners.RunParallelAllScenarios" class="method navigator-link" hash-for-method="runScenario(&quot;Registration fails when email is missing&quot;, &quot;Registration Scenarios&quot;)">runScenario("Registration fails when email is missing", "Registration Scenarios")</a> <!-- method navigator-link -->
                      </span>
                      <br/>
                      <span>
                        <img src="failed.png" width="3%"/>
                        <a href="#" panel-name="suite-Suite_Cucumber_All_Feature" title="com.project.runners.RunParallelAllScenarios" class="method navigator-link" hash-for-method="runScenario(&quot;Successful registration with all mandatory fields&quot;, &quot;Registration Scenarios&quot;)">runScenario("Successful registration with all mandatory fields", "Registration Scenarios")</a> <!-- method navigator-link -->
                      </span>
                      <br/>
=======
>>>>>>> branch 'master' of https://github.com/rijuissac/Selenium-TestNG-Cucumber-Framework.git
                    </div> <!-- method-list-content failed suite-Suite_Cucumber_All_Feature -->
                  </li>
                  <li>
                    <span class="method-list-title passed">Passed methods</span>
                    <span class="show-or-hide-methods passed">
                      <a href="#" panel-name="suite-Suite_Cucumber_All_Feature" class="hide-methods passed suite-Suite_Cucumber_All_Feature"> (hide)</a> <!-- hide-methods passed suite-Suite_Cucumber_All_Feature -->
                      <a href="#" panel-name="suite-Suite_Cucumber_All_Feature" class="show-methods passed suite-Suite_Cucumber_All_Feature"> (show)</a> <!-- show-methods passed suite-Suite_Cucumber_All_Feature -->
                    </span>
                    <div class="method-list-content passed suite-Suite_Cucumber_All_Feature">
                      <span>
                        <img src="passed.png" width="3%"/>
<<<<<<< HEAD
=======
                        <a href="#" panel-name="suite-Suite_Cucumber_All_Feature" title="com.project.runners.RunParallelAllScenarios" class="method navigator-link" hash-for-method="runScenario(&quot;login to the application as customer&quot;, &quot;Login to the application&quot;)">runScenario("login to the application as customer", "Login to the application")</a> <!-- method navigator-link -->
                      </span>
                      <br/>
                      <span>
                        <img src="passed.png" width="3%"/>
                        <a href="#" panel-name="suite-Suite_Cucumber_All_Feature" title="com.project.runners.RunParallelAllScenarios" class="method navigator-link" hash-for-method="runScenario(&quot;Registration fails when email and phone are missing&quot;, &quot;Registration Scenarios&quot;)">runScenario("Registration fails when email and phone are missing", "Registration Scenarios")</a> <!-- method navigator-link -->
                      </span>
                      <br/>
                      <span>
                        <img src="passed.png" width="3%"/>
                        <a href="#" panel-name="suite-Suite_Cucumber_All_Feature" title="com.project.runners.RunParallelAllScenarios" class="method navigator-link" hash-for-method="runScenario(&quot;login to the application as an admin&quot;, &quot;Login to the application&quot;)">runScenario("login to the application as an admin", "Login to the application")</a> <!-- method navigator-link -->
                      </span>
                      <br/>
                      <span>
                        <img src="passed.png" width="3%"/>
                        <a href="#" panel-name="suite-Suite_Cucumber_All_Feature" title="com.project.runners.RunParallelAllScenarios" class="method navigator-link" hash-for-method="runScenario(&quot;Successful registration with all mandatory fields&quot;, &quot;Registration Scenarios&quot;)">runScenario("Successful registration with all mandatory fields", "Registration Scenarios")</a> <!-- method navigator-link -->
                      </span>
                      <br/>
                      <span>
                        <img src="passed.png" width="3%"/>
                        <a href="#" panel-name="suite-Suite_Cucumber_All_Feature" title="com.project.runners.RunParallelAllScenarios" class="method navigator-link" hash-for-method="runScenario(&quot;Registration fails when email is missing&quot;, &quot;Registration Scenarios&quot;)">runScenario("Registration fails when email is missing", "Registration Scenarios")</a> <!-- method navigator-link -->
                      </span>
                      <br/>
                      <span>
                        <img src="passed.png" width="3%"/>
                        <a href="#" panel-name="suite-Suite_Cucumber_All_Feature" title="com.project.runners.RunParallelAllScenarios" class="method navigator-link" hash-for-method="runScenario(&quot;login to the application as an admin&quot;, &quot;Login to the application&quot;)">runScenario("login to the application as an admin", "Login to the application")</a> <!-- method navigator-link -->
                      </span>
                      <br/>
                      <span>
                        <img src="passed.png" width="3%"/>
                        <a href="#" panel-name="suite-Suite_Cucumber_All_Feature" title="com.project.runners.RunParallelAllScenarios" class="method navigator-link" hash-for-method="runScenario(&quot;Registration fails when email and phone are missing&quot;, &quot;Registration Scenarios&quot;)">runScenario("Registration fails when email and phone are missing", "Registration Scenarios")</a> <!-- method navigator-link -->
                      </span>
                      <br/>
                      <span>
                        <img src="passed.png" width="3%"/>
>>>>>>> branch 'master' of https://github.com/rijuissac/Selenium-TestNG-Cucumber-Framework.git
                        <a href="#" panel-name="suite-Suite_Cucumber_All_Feature" title="com.project.runners.RunParallelAllScenarios" class="method navigator-link" hash-for-method="runScenario(&quot;login to the application as customer&quot;, &quot;Login to the application&quot;)">runScenario("login to the application as customer", "Login to the application")</a> <!-- method navigator-link -->
                      </span>
                      <br/>
                      <span>
                        <img src="passed.png" width="3%"/>
                        <a href="#" panel-name="suite-Suite_Cucumber_All_Feature" title="com.project.runners.RunParallelAllScenarios" class="method navigator-link" hash-for-method="runScenario(&quot;Registration fails when email is missing&quot;, &quot;Registration Scenarios&quot;)">runScenario("Registration fails when email is missing", "Registration Scenarios")</a> <!-- method navigator-link -->
                      </span>
                      <br/>
<<<<<<< HEAD
                      <span>
                        <img src="passed.png" width="3%"/>
                        <a href="#" panel-name="suite-Suite_Cucumber_All_Feature" title="com.project.runners.RunParallelAllScenarios" class="method navigator-link" hash-for-method="runScenario(&quot;Registration fails when email and phone are missing&quot;, &quot;Registration Scenarios&quot;)">runScenario("Registration fails when email and phone are missing", "Registration Scenarios")</a> <!-- method navigator-link -->
                      </span>
                      <br/>
                      <span>
                        <img src="passed.png" width="3%"/>
                        <a href="#" panel-name="suite-Suite_Cucumber_All_Feature" title="com.project.runners.RunParallelAllScenarios" class="method navigator-link" hash-for-method="runScenario(&quot;login to the application as an admin&quot;, &quot;Login to the application&quot;)">runScenario("login to the application as an admin", "Login to the application")</a> <!-- method navigator-link -->
                      </span>
                      <br/>
=======
>>>>>>> branch 'master' of https://github.com/rijuissac/Selenium-TestNG-Cucumber-Framework.git
                    </div> <!-- method-list-content passed suite-Suite_Cucumber_All_Feature -->
                  </li>
                </ul>
              </div> <!-- suite-section-content -->
            </div> <!-- result-section -->
          </div> <!-- navigator-suite-content -->
        </div> <!-- rounded-window -->
      </div> <!-- suite -->
    </div> <!-- navigator-root -->
    <div class="wrapper">
      <div class="main-panel-root">
        <div panel-name="suite-Suite_Cucumber_All_Feature" class="panel Suite_Cucumber_All_Feature">
          <div class="suite-Suite_Cucumber_All_Feature-class-failed">
            <div class="main-panel-header rounded-window-top">
              <img src="failed.png"/>
              <span class="class-name">com.project.runners.RunParallelAllScenarios</span>
            </div> <!-- main-panel-header rounded-window-top -->
            <div class="main-panel-content rounded-window-bottom">
              <div class="method">
                <div class="method-content">
                  <a name="runScenario(&quot;login to the application as an admin&quot;, &quot;Login to the application&quot;)">
                  </a> <!-- runScenario("login to the application as an admin", "Login to the application") -->
                  <span class="method-name">runScenario</span>
                  <span class="parameters">("login to the application as an admin","Login to the application")</span>
                  <div class="stack-trace">org.openqa.selenium.SessionNotCreatedException: Could not start a new session. Possible causes are invalid address of the remote server or browser start-up failure. 
Host info: host: &apos;DUCO-X06U517358&apos;, ip: &apos;192.168.1.16&apos;
Build info: version: &apos;4.34.0&apos;, revision: &apos;707dcb4246*&apos;
System info: os.name: &apos;Windows 11&apos;, os.arch: &apos;amd64&apos;, os.version: &apos;10.0&apos;, java.version: &apos;21.0.4&apos;
Driver info: org.openqa.selenium.chrome.ChromeDriver
Command: [null, newSession {capabilities=[Capabilities {browserName: chrome, goog:chromeOptions: {args: [], binary: C:\Program Files\Google\Chr..., extensions: []}}]}]
	at org.openqa.selenium.remote.RemoteWebDriver.execute(RemoteWebDriver.java:562)
	at org.openqa.selenium.remote.RemoteWebDriver.startSession(RemoteWebDriver.java:244)
	at org.openqa.selenium.remote.RemoteWebDriver.&lt;init&gt;(RemoteWebDriver.java:173)
	at org.openqa.selenium.chromium.ChromiumDriver.&lt;init&gt;(ChromiumDriver.java:110)
	at org.openqa.selenium.chrome.ChromeDriver.&lt;init&gt;(ChromeDriver.java:88)
	at org.openqa.selenium.chrome.ChromeDriver.&lt;init&gt;(ChromeDriver.java:83)
	at org.openqa.selenium.chrome.ChromeDriver.&lt;init&gt;(ChromeDriver.java:72)
	at drivers.BrowserFactory$1.createDriver(BrowserFactory.java:19)
	at drivers.DriverManager.createDriverInstance(DriverManager.java:30)
	at com.project.website.hooks.Hooks.beforeScenario(Hooks.java:43)
Caused by: java.io.UncheckedIOException: java.io.IOException: Cannot run program &quot;C:\Users\RijuIsaac\.cache\selenium\chromedriver\win64\138.0.7204.168\chromedriver.exe&quot;: CreateProcess error=5, Access is denied
	at org.openqa.selenium.os.ExternalProcess$Builder.start(ExternalProcess.java:195)
	at org.openqa.selenium.remote.service.DriverService.start(DriverService.java:213)
	at org.openqa.selenium.remote.service.DriverCommandExecutor.execute(DriverCommandExecutor.java:117)
	at org.openqa.selenium.remote.RemoteWebDriver.execute(RemoteWebDriver.java:544)
	... 9 more
Caused by: java.io.IOException: Cannot run program &quot;C:\Users\RijuIsaac\.cache\selenium\chromedriver\win64\138.0.7204.168\chromedriver.exe&quot;: CreateProcess error=5, Access is denied
	at java.base/java.lang.ProcessBuilder.start(ProcessBuilder.java:1170)
	at java.base/java.lang.ProcessBuilder.start(ProcessBuilder.java:1089)
	at org.openqa.selenium.os.ExternalProcess$Builder.start(ExternalProcess.java:193)
	... 12 more
Caused by: java.io.IOException: CreateProcess error=5, Access is denied
	at java.base/java.lang.ProcessImpl.create(Native Method)
	at java.base/java.lang.ProcessImpl.&lt;init&gt;(ProcessImpl.java:500)
	at java.base/java.lang.ProcessImpl.start(ProcessImpl.java:159)
	at java.base/java.lang.ProcessBuilder.start(ProcessBuilder.java:1126)
	... 14 more

</div> <!-- stack-trace -->
                  <em>
(Runs Cucumber Scenarios)                  </em>
                </div> <!-- method-content -->
              </div> <!-- method -->
              <div class="method">
                <div class="method-content">
                  <a name="runScenario(&quot;Successful registration with all mandatory fields&quot;, &quot;Registration Scenarios&quot;)">
                  </a> <!-- runScenario("Successful registration with all mandatory fields", "Registration Scenarios") -->
                  <span class="method-name">runScenario</span>
<<<<<<< HEAD
                  <span class="parameters">("Successful registration with all mandatory fields","Registration Scenarios")</span>
                  <div class="stack-trace">org.openqa.selenium.SessionNotCreatedException: Could not start a new session. Possible causes are invalid address of the remote server or browser start-up failure. 
Host info: host: &apos;DUCO-X06U517358&apos;, ip: &apos;192.168.1.16&apos;
Build info: version: &apos;4.34.0&apos;, revision: &apos;707dcb4246*&apos;
System info: os.name: &apos;Windows 11&apos;, os.arch: &apos;amd64&apos;, os.version: &apos;10.0&apos;, java.version: &apos;21.0.4&apos;
Driver info: org.openqa.selenium.chrome.ChromeDriver
Command: [null, newSession {capabilities=[Capabilities {browserName: chrome, goog:chromeOptions: {args: [], binary: C:\Program Files\Google\Chr..., extensions: []}}]}]
	at org.openqa.selenium.remote.RemoteWebDriver.execute(RemoteWebDriver.java:562)
	at org.openqa.selenium.remote.RemoteWebDriver.startSession(RemoteWebDriver.java:244)
	at org.openqa.selenium.remote.RemoteWebDriver.&lt;init&gt;(RemoteWebDriver.java:173)
	at org.openqa.selenium.chromium.ChromiumDriver.&lt;init&gt;(ChromiumDriver.java:110)
	at org.openqa.selenium.chrome.ChromeDriver.&lt;init&gt;(ChromeDriver.java:88)
	at org.openqa.selenium.chrome.ChromeDriver.&lt;init&gt;(ChromeDriver.java:83)
	at org.openqa.selenium.chrome.ChromeDriver.&lt;init&gt;(ChromeDriver.java:72)
	at drivers.BrowserFactory$1.createDriver(BrowserFactory.java:19)
	at drivers.DriverManager.createDriverInstance(DriverManager.java:30)
	at com.project.website.hooks.Hooks.beforeScenario(Hooks.java:43)
Caused by: java.io.UncheckedIOException: java.io.IOException: Cannot run program &quot;C:\Users\RijuIsaac\.cache\selenium\chromedriver\win64\138.0.7204.168\chromedriver.exe&quot;: CreateProcess error=5, Access is denied
	at org.openqa.selenium.os.ExternalProcess$Builder.start(ExternalProcess.java:195)
	at org.openqa.selenium.remote.service.DriverService.start(DriverService.java:213)
	at org.openqa.selenium.remote.service.DriverCommandExecutor.execute(DriverCommandExecutor.java:117)
	at org.openqa.selenium.remote.RemoteWebDriver.execute(RemoteWebDriver.java:544)
	... 9 more
Caused by: java.io.IOException: Cannot run program &quot;C:\Users\RijuIsaac\.cache\selenium\chromedriver\win64\138.0.7204.168\chromedriver.exe&quot;: CreateProcess error=5, Access is denied
	at java.base/java.lang.ProcessBuilder.start(ProcessBuilder.java:1170)
	at java.base/java.lang.ProcessBuilder.start(ProcessBuilder.java:1089)
	at org.openqa.selenium.os.ExternalProcess$Builder.start(ExternalProcess.java:193)
	... 12 more
Caused by: java.io.IOException: CreateProcess error=5, Access is denied
	at java.base/java.lang.ProcessImpl.create(Native Method)
	at java.base/java.lang.ProcessImpl.&lt;init&gt;(ProcessImpl.java:500)
	at java.base/java.lang.ProcessImpl.start(ProcessImpl.java:159)
	at java.base/java.lang.ProcessBuilder.start(ProcessBuilder.java:1126)
	... 14 more

</div> <!-- stack-trace -->
                  <em>
(Runs Cucumber Scenarios)                  </em>
                </div> <!-- method-content -->
              </div> <!-- method -->
              <div class="method">
                <div class="method-content">
                  <a name="runScenario(&quot;login to the application as customer&quot;, &quot;Login to the application&quot;)">
                  </a> <!-- runScenario("login to the application as customer", "Login to the application") -->
                  <span class="method-name">runScenario</span>
                  <span class="parameters">("login to the application as customer","Login to the application")</span>
                  <div class="stack-trace">org.openqa.selenium.SessionNotCreatedException: Could not start a new session. Possible causes are invalid address of the remote server or browser start-up failure. 
Host info: host: &apos;DUCO-X06U517358&apos;, ip: &apos;192.168.1.16&apos;
Build info: version: &apos;4.34.0&apos;, revision: &apos;707dcb4246*&apos;
System info: os.name: &apos;Windows 11&apos;, os.arch: &apos;amd64&apos;, os.version: &apos;10.0&apos;, java.version: &apos;21.0.4&apos;
Driver info: org.openqa.selenium.chrome.ChromeDriver
Command: [null, newSession {capabilities=[Capabilities {browserName: chrome, goog:chromeOptions: {args: [], binary: C:\Program Files\Google\Chr..., extensions: []}}]}]
	at org.openqa.selenium.remote.RemoteWebDriver.execute(RemoteWebDriver.java:562)
	at org.openqa.selenium.remote.RemoteWebDriver.startSession(RemoteWebDriver.java:244)
	at org.openqa.selenium.remote.RemoteWebDriver.&lt;init&gt;(RemoteWebDriver.java:173)
	at org.openqa.selenium.chromium.ChromiumDriver.&lt;init&gt;(ChromiumDriver.java:110)
	at org.openqa.selenium.chrome.ChromeDriver.&lt;init&gt;(ChromeDriver.java:88)
	at org.openqa.selenium.chrome.ChromeDriver.&lt;init&gt;(ChromeDriver.java:83)
	at org.openqa.selenium.chrome.ChromeDriver.&lt;init&gt;(ChromeDriver.java:72)
	at drivers.BrowserFactory$1.createDriver(BrowserFactory.java:19)
	at drivers.DriverManager.createDriverInstance(DriverManager.java:30)
	at com.project.website.hooks.Hooks.beforeScenario(Hooks.java:43)
Caused by: java.io.UncheckedIOException: java.io.IOException: Cannot run program &quot;C:\Users\RijuIsaac\.cache\selenium\chromedriver\win64\138.0.7204.168\chromedriver.exe&quot;: CreateProcess error=5, Access is denied
	at org.openqa.selenium.os.ExternalProcess$Builder.start(ExternalProcess.java:195)
	at org.openqa.selenium.remote.service.DriverService.start(DriverService.java:213)
	at org.openqa.selenium.remote.service.DriverCommandExecutor.execute(DriverCommandExecutor.java:117)
	at org.openqa.selenium.remote.RemoteWebDriver.execute(RemoteWebDriver.java:544)
	... 9 more
Caused by: java.io.IOException: Cannot run program &quot;C:\Users\RijuIsaac\.cache\selenium\chromedriver\win64\138.0.7204.168\chromedriver.exe&quot;: CreateProcess error=5, Access is denied
	at java.base/java.lang.ProcessBuilder.start(ProcessBuilder.java:1170)
	at java.base/java.lang.ProcessBuilder.start(ProcessBuilder.java:1089)
	at org.openqa.selenium.os.ExternalProcess$Builder.start(ExternalProcess.java:193)
	... 12 more
Caused by: java.io.IOException: CreateProcess error=5, Access is denied
	at java.base/java.lang.ProcessImpl.create(Native Method)
	at java.base/java.lang.ProcessImpl.&lt;init&gt;(ProcessImpl.java:500)
	at java.base/java.lang.ProcessImpl.start(ProcessImpl.java:159)
	at java.base/java.lang.ProcessBuilder.start(ProcessBuilder.java:1126)
	... 14 more

</div> <!-- stack-trace -->
                  <em>
(Runs Cucumber Scenarios)                  </em>
                </div> <!-- method-content -->
              </div> <!-- method -->
              <div class="method">
                <div class="method-content">
                  <a name="runScenario(&quot;Registration fails when email and phone are missing&quot;, &quot;Registration Scenarios&quot;)">
                  </a> <!-- runScenario("Registration fails when email and phone are missing", "Registration Scenarios") -->
                  <span class="method-name">runScenario</span>
                  <span class="parameters">("Registration fails when email and phone are missing","Registration Scenarios")</span>
                  <div class="stack-trace">org.openqa.selenium.SessionNotCreatedException: Could not start a new session. Possible causes are invalid address of the remote server or browser start-up failure. 
Host info: host: &apos;DUCO-X06U517358&apos;, ip: &apos;192.168.1.16&apos;
Build info: version: &apos;4.34.0&apos;, revision: &apos;707dcb4246*&apos;
System info: os.name: &apos;Windows 11&apos;, os.arch: &apos;amd64&apos;, os.version: &apos;10.0&apos;, java.version: &apos;21.0.4&apos;
Driver info: org.openqa.selenium.chrome.ChromeDriver
Command: [null, newSession {capabilities=[Capabilities {browserName: chrome, goog:chromeOptions: {args: [], binary: C:\Program Files\Google\Chr..., extensions: []}}]}]
	at org.openqa.selenium.remote.RemoteWebDriver.execute(RemoteWebDriver.java:562)
	at org.openqa.selenium.remote.RemoteWebDriver.startSession(RemoteWebDriver.java:244)
	at org.openqa.selenium.remote.RemoteWebDriver.&lt;init&gt;(RemoteWebDriver.java:173)
	at org.openqa.selenium.chromium.ChromiumDriver.&lt;init&gt;(ChromiumDriver.java:110)
	at org.openqa.selenium.chrome.ChromeDriver.&lt;init&gt;(ChromeDriver.java:88)
	at org.openqa.selenium.chrome.ChromeDriver.&lt;init&gt;(ChromeDriver.java:83)
	at org.openqa.selenium.chrome.ChromeDriver.&lt;init&gt;(ChromeDriver.java:72)
	at drivers.BrowserFactory$1.createDriver(BrowserFactory.java:19)
	at drivers.DriverManager.createDriverInstance(DriverManager.java:30)
	at com.project.website.hooks.Hooks.beforeScenario(Hooks.java:43)
Caused by: java.io.UncheckedIOException: java.io.IOException: Cannot run program &quot;C:\Users\RijuIsaac\.cache\selenium\chromedriver\win64\138.0.7204.168\chromedriver.exe&quot;: CreateProcess error=5, Access is denied
	at org.openqa.selenium.os.ExternalProcess$Builder.start(ExternalProcess.java:195)
	at org.openqa.selenium.remote.service.DriverService.start(DriverService.java:213)
	at org.openqa.selenium.remote.service.DriverCommandExecutor.execute(DriverCommandExecutor.java:117)
	at org.openqa.selenium.remote.RemoteWebDriver.execute(RemoteWebDriver.java:544)
	... 9 more
Caused by: java.io.IOException: Cannot run program &quot;C:\Users\RijuIsaac\.cache\selenium\chromedriver\win64\138.0.7204.168\chromedriver.exe&quot;: CreateProcess error=5, Access is denied
	at java.base/java.lang.ProcessBuilder.start(ProcessBuilder.java:1170)
	at java.base/java.lang.ProcessBuilder.start(ProcessBuilder.java:1089)
	at org.openqa.selenium.os.ExternalProcess$Builder.start(ExternalProcess.java:193)
	... 12 more
Caused by: java.io.IOException: CreateProcess error=5, Access is denied
	at java.base/java.lang.ProcessImpl.create(Native Method)
	at java.base/java.lang.ProcessImpl.&lt;init&gt;(ProcessImpl.java:500)
	at java.base/java.lang.ProcessImpl.start(ProcessImpl.java:159)
	at java.base/java.lang.ProcessBuilder.start(ProcessBuilder.java:1126)
	... 14 more

</div> <!-- stack-trace -->
                  <em>
(Runs Cucumber Scenarios)                  </em>
                </div> <!-- method-content -->
              </div> <!-- method -->
              <div class="method">
                <div class="method-content">
                  <a name="runScenario(&quot;Registration fails when email is missing&quot;, &quot;Registration Scenarios&quot;)">
                  </a> <!-- runScenario("Registration fails when email is missing", "Registration Scenarios") -->
                  <span class="method-name">runScenario</span>
                  <span class="parameters">("Registration fails when email is missing","Registration Scenarios")</span>
                  <div class="stack-trace">org.openqa.selenium.SessionNotCreatedException: Could not start a new session. Possible causes are invalid address of the remote server or browser start-up failure. 
Host info: host: &apos;DUCO-X06U517358&apos;, ip: &apos;192.168.1.16&apos;
Build info: version: &apos;4.34.0&apos;, revision: &apos;707dcb4246*&apos;
System info: os.name: &apos;Windows 11&apos;, os.arch: &apos;amd64&apos;, os.version: &apos;10.0&apos;, java.version: &apos;21.0.4&apos;
Driver info: org.openqa.selenium.chrome.ChromeDriver
Command: [null, newSession {capabilities=[Capabilities {browserName: chrome, goog:chromeOptions: {args: [], binary: C:\Program Files\Google\Chr..., extensions: []}}]}]
	at org.openqa.selenium.remote.RemoteWebDriver.execute(RemoteWebDriver.java:562)
	at org.openqa.selenium.remote.RemoteWebDriver.startSession(RemoteWebDriver.java:244)
	at org.openqa.selenium.remote.RemoteWebDriver.&lt;init&gt;(RemoteWebDriver.java:173)
	at org.openqa.selenium.chromium.ChromiumDriver.&lt;init&gt;(ChromiumDriver.java:110)
	at org.openqa.selenium.chrome.ChromeDriver.&lt;init&gt;(ChromeDriver.java:88)
	at org.openqa.selenium.chrome.ChromeDriver.&lt;init&gt;(ChromeDriver.java:83)
	at org.openqa.selenium.chrome.ChromeDriver.&lt;init&gt;(ChromeDriver.java:72)
	at drivers.BrowserFactory$1.createDriver(BrowserFactory.java:19)
	at drivers.DriverManager.createDriverInstance(DriverManager.java:30)
	at com.project.website.hooks.Hooks.beforeScenario(Hooks.java:43)
Caused by: java.io.UncheckedIOException: java.io.IOException: Cannot run program &quot;C:\Users\RijuIsaac\.cache\selenium\chromedriver\win64\138.0.7204.168\chromedriver.exe&quot;: CreateProcess error=5, Access is denied
	at org.openqa.selenium.os.ExternalProcess$Builder.start(ExternalProcess.java:195)
	at org.openqa.selenium.remote.service.DriverService.start(DriverService.java:213)
	at org.openqa.selenium.remote.service.DriverCommandExecutor.execute(DriverCommandExecutor.java:117)
	at org.openqa.selenium.remote.RemoteWebDriver.execute(RemoteWebDriver.java:544)
	... 9 more
Caused by: java.io.IOException: Cannot run program &quot;C:\Users\RijuIsaac\.cache\selenium\chromedriver\win64\138.0.7204.168\chromedriver.exe&quot;: CreateProcess error=5, Access is denied
	at java.base/java.lang.ProcessBuilder.start(ProcessBuilder.java:1170)
	at java.base/java.lang.ProcessBuilder.start(ProcessBuilder.java:1089)
	at org.openqa.selenium.os.ExternalProcess$Builder.start(ExternalProcess.java:193)
	... 12 more
Caused by: java.io.IOException: CreateProcess error=5, Access is denied
	at java.base/java.lang.ProcessImpl.create(Native Method)
	at java.base/java.lang.ProcessImpl.&lt;init&gt;(ProcessImpl.java:500)
	at java.base/java.lang.ProcessImpl.start(ProcessImpl.java:159)
	at java.base/java.lang.ProcessBuilder.start(ProcessBuilder.java:1126)
	... 14 more

</div> <!-- stack-trace -->
                  <em>
(Runs Cucumber Scenarios)                  </em>
                </div> <!-- method-content -->
              </div> <!-- method -->
              <div class="method">
                <div class="method-content">
                  <a name="runScenario(&quot;Successful registration with all mandatory fields&quot;, &quot;Registration Scenarios&quot;)">
                  </a> <!-- runScenario("Successful registration with all mandatory fields", "Registration Scenarios") -->
                  <span class="method-name">runScenario</span>
                  <span class="parameters">("Successful registration with all mandatory fields","Registration Scenarios")</span>
=======
                  <span class="parameters">("Successful registration with all mandatory fields", "Registration Scenarios")</span>
>>>>>>> branch 'master' of https://github.com/rijuissac/Selenium-TestNG-Cucumber-Framework.git
                  <div class="stack-trace">org.openqa.selenium.TimeoutException: Expected condition failed: waiting for url to be &quot;https://practicesoftwaretesting.com/auth/login&quot;. Current url: &quot;https://practicesoftwaretesting.com/auth/register&quot; (tried for 10 second(s) with 500 milliseconds interval)
Build info: version: &apos;4.34.0&apos;, revision: &apos;707dcb4246*&apos;
<<<<<<< HEAD
System info: os.name: &apos;Windows 11&apos;, os.arch: &apos;amd64&apos;, os.version: &apos;10.0&apos;, java.version: &apos;21.0.4&apos;
Driver info: jdk.proxy2.$Proxy44
=======
System info: os.name: &apos;Windows 11&apos;, os.arch: &apos;amd64&apos;, os.version: &apos;10.0&apos;, java.version: &apos;17.0.12&apos;
Driver info: jdk.proxy2.$Proxy43
>>>>>>> branch 'master' of https://github.com/rijuissac/Selenium-TestNG-Cucumber-Framework.git
	at org.openqa.selenium.support.ui.WebDriverWait.timeoutException(WebDriverWait.java:84)
	at org.openqa.selenium.support.ui.FluentWait.until(FluentWait.java:228)
	at com.project.website.stepdefentions.RegistrationStepDefenitions.application_navigates_to_login_page_url(RegistrationStepDefenitions.java:99)
	at âœ½.user should be navigated to the login page URL &quot;https://practicesoftwaretesting.com/auth/login&quot;(file:///C:/Users/riju_/git/Selenium-TestNG-Cucumber-Framework/src/test/resources/feature/registration.feature:24)

</div> <!-- stack-trace -->
                  <em>
(Runs Cucumber Scenarios)                  </em>
                </div> <!-- method-content -->
              </div> <!-- method -->
            </div> <!-- main-panel-content rounded-window-bottom -->
          </div> <!-- suite-Suite_Cucumber_All_Feature-class-failed -->
          <div class="suite-Suite_Cucumber_All_Feature-class-passed">
            <div class="main-panel-header rounded-window-top">
              <img src="passed.png"/>
              <span class="class-name">com.project.runners.RunParallelAllScenarios</span>
            </div> <!-- main-panel-header rounded-window-top -->
            <div class="main-panel-content rounded-window-bottom">
              <div class="method">
                <div class="method-content">
                  <a name="runScenario(&quot;login to the application as customer&quot;, &quot;Login to the application&quot;)">
                  </a> <!-- runScenario("login to the application as customer", "Login to the application") -->
                  <span class="method-name">runScenario</span>
<<<<<<< HEAD
                  <span class="parameters">("login to the application as customer","Login to the application")</span>
                  <em>
(Runs Cucumber Scenarios)                  </em>
                </div> <!-- method-content -->
              </div> <!-- method -->
              <div class="method">
                <div class="method-content">
                  <a name="runScenario(&quot;Registration fails when email is missing&quot;, &quot;Registration Scenarios&quot;)">
                  </a> <!-- runScenario("Registration fails when email is missing", "Registration Scenarios") -->
                  <span class="method-name">runScenario</span>
                  <span class="parameters">("Registration fails when email is missing","Registration Scenarios")</span>
=======
                  <span class="parameters">("login to the application as customer", "Login to the application")</span>
                  <em>
(Runs Cucumber Scenarios)                  </em>
                </div> <!-- method-content -->
              </div> <!-- method -->
              <div class="method">
                <div class="method-content">
                  <a name="runScenario(&quot;Registration fails when email and phone are missing&quot;, &quot;Registration Scenarios&quot;)">
                  </a> <!-- runScenario("Registration fails when email and phone are missing", "Registration Scenarios") -->
                  <span class="method-name">runScenario</span>
                  <span class="parameters">("Registration fails when email and phone are missing", "Registration Scenarios")</span>
>>>>>>> branch 'master' of https://github.com/rijuissac/Selenium-TestNG-Cucumber-Framework.git
                  <em>
(Runs Cucumber Scenarios)                  </em>
                </div> <!-- method-content -->
              </div> <!-- method -->
              <div class="method">
                <div class="method-content">
                  <a name="runScenario(&quot;Registration fails when email and phone are missing&quot;, &quot;Registration Scenarios&quot;)">
                  </a> <!-- runScenario("Registration fails when email and phone are missing", "Registration Scenarios") -->
                  <span class="method-name">runScenario</span>
                  <span class="parameters">("Registration fails when email and phone are missing","Registration Scenarios")</span>
                  <em>
(Runs Cucumber Scenarios)                  </em>
                </div> <!-- method-content -->
              </div> <!-- method -->
              <div class="method">
                <div class="method-content">
                  <a name="runScenario(&quot;login to the application as an admin&quot;, &quot;Login to the application&quot;)">
                  </a> <!-- runScenario("login to the application as an admin", "Login to the application") -->
                  <span class="method-name">runScenario</span>
                  <span class="parameters">("login to the application as an admin", "Login to the application")</span>
                  <em>
(Runs Cucumber Scenarios)                  </em>
                </div> <!-- method-content -->
              </div> <!-- method -->
              <div class="method">
                <div class="method-content">
                  <a name="runScenario(&quot;Successful registration with all mandatory fields&quot;, &quot;Registration Scenarios&quot;)">
                  </a> <!-- runScenario("Successful registration with all mandatory fields", "Registration Scenarios") -->
                  <span class="method-name">runScenario</span>
                  <span class="parameters">("Successful registration with all mandatory fields", "Registration Scenarios")</span>
                  <em>
(Runs Cucumber Scenarios)                  </em>
                </div> <!-- method-content -->
              </div> <!-- method -->
              <div class="method">
                <div class="method-content">
                  <a name="runScenario(&quot;Registration fails when email is missing&quot;, &quot;Registration Scenarios&quot;)">
                  </a> <!-- runScenario("Registration fails when email is missing", "Registration Scenarios") -->
                  <span class="method-name">runScenario</span>
                  <span class="parameters">("Registration fails when email is missing", "Registration Scenarios")</span>
                  <em>
(Runs Cucumber Scenarios)                  </em>
                </div> <!-- method-content -->
              </div> <!-- method -->
              <div class="method">
                <div class="method-content">
                  <a name="runScenario(&quot;login to the application as an admin&quot;, &quot;Login to the application&quot;)">
                  </a> <!-- runScenario("login to the application as an admin", "Login to the application") -->
                  <span class="method-name">runScenario</span>
                  <span class="parameters">("login to the application as an admin", "Login to the application")</span>
                  <em>
(Runs Cucumber Scenarios)                  </em>
                </div> <!-- method-content -->
              </div> <!-- method -->
              <div class="method">
                <div class="method-content">
                  <a name="runScenario(&quot;Registration fails when email and phone are missing&quot;, &quot;Registration Scenarios&quot;)">
                  </a> <!-- runScenario("Registration fails when email and phone are missing", "Registration Scenarios") -->
                  <span class="method-name">runScenario</span>
                  <span class="parameters">("Registration fails when email and phone are missing", "Registration Scenarios")</span>
                  <em>
(Runs Cucumber Scenarios)                  </em>
                </div> <!-- method-content -->
              </div> <!-- method -->
              <div class="method">
                <div class="method-content">
                  <a name="runScenario(&quot;login to the application as customer&quot;, &quot;Login to the application&quot;)">
                  </a> <!-- runScenario("login to the application as customer", "Login to the application") -->
                  <span class="method-name">runScenario</span>
                  <span class="parameters">("login to the application as customer", "Login to the application")</span>
                  <em>
(Runs Cucumber Scenarios)                  </em>
                </div> <!-- method-content -->
              </div> <!-- method -->
              <div class="method">
                <div class="method-content">
                  <a name="runScenario(&quot;Registration fails when email is missing&quot;, &quot;Registration Scenarios&quot;)">
                  </a> <!-- runScenario("Registration fails when email is missing", "Registration Scenarios") -->
                  <span class="method-name">runScenario</span>
                  <span class="parameters">("Registration fails when email is missing", "Registration Scenarios")</span>
                  <em>
(Runs Cucumber Scenarios)                  </em>
                </div> <!-- method-content -->
              </div> <!-- method -->
            </div> <!-- main-panel-content rounded-window-bottom -->
          </div> <!-- suite-Suite_Cucumber_All_Feature-class-passed -->
        </div> <!-- panel Suite_Cucumber_All_Feature -->
        <div panel-name="test-xml-Suite_Cucumber_All_Feature" class="panel">
          <div class="main-panel-header rounded-window-top">
            <span class="header-content">C:\Users\riju_\git\Selenium-TestNG-Cucumber-Framework\src\test\resources\suites\SuiteAllFeature.xml</span>
          </div> <!-- main-panel-header rounded-window-top -->
          <div class="main-panel-content rounded-window-bottom">
            <pre>
&lt;?xml version=&quot;1.0&quot; encoding=&quot;UTF-8&quot;?&gt;
&lt;!DOCTYPE suite SYSTEM &quot;https://testng.org/testng-1.0.dtd&quot;&gt;
&lt;suite parallel=&quot;tests&quot; name=&quot;Suite Cucumber All Feature&quot; guice-stage=&quot;DEVELOPMENT&quot;&gt;
  &lt;test thread-count=&quot;5&quot; parallel=&quot;tests&quot; name=&quot;Test Cucumber All Feature Chrome&quot;&gt;
    &lt;parameter name=&quot;browser&quot; value=&quot;chrome&quot;/&gt;
    &lt;classes&gt;
      &lt;class name=&quot;com.project.runners.RunParallelAllScenarios&quot;/&gt;
    &lt;/classes&gt;
  &lt;/test&gt; &lt;!-- Test Cucumber All Feature Chrome --&gt;
  &lt;test thread-count=&quot;5&quot; parallel=&quot;tests&quot; name=&quot;Test Cucumber All Feature Firefox&quot;&gt;
    &lt;parameter name=&quot;browser&quot; value=&quot;firefox&quot;/&gt;
    &lt;classes&gt;
      &lt;class name=&quot;com.project.runners.RunParallelAllScenarios&quot;/&gt;
    &lt;/classes&gt;
  &lt;/test&gt; &lt;!-- Test Cucumber All Feature Firefox --&gt;
&lt;/suite&gt; &lt;!-- Suite Cucumber All Feature --&gt;
            </pre>
          </div> <!-- main-panel-content rounded-window-bottom -->
        </div> <!-- panel -->
        <div panel-name="testlist-Suite_Cucumber_All_Feature" class="panel">
          <div class="main-panel-header rounded-window-top">
            <span class="header-content">Tests for Suite Cucumber All Feature</span>
          </div> <!-- main-panel-header rounded-window-top -->
          <div class="main-panel-content rounded-window-bottom">
            <ul>
              <li>
                <span class="test-name">Test Cucumber All Feature Chrome (1 class)</span>
              </li>
              <li>
                <span class="test-name">Test Cucumber All Feature Firefox (1 class)</span>
              </li>
            </ul>
          </div> <!-- main-panel-content rounded-window-bottom -->
        </div> <!-- panel -->
        <div panel-name="group-Suite_Cucumber_All_Feature" class="panel">
          <div class="main-panel-header rounded-window-top">
            <span class="header-content">Groups for Suite Cucumber All Feature</span>
          </div> <!-- main-panel-header rounded-window-top -->
          <div class="main-panel-content rounded-window-bottom">
            <div class="test-group">
              <span class="test-group-name">cucumber</span>
              <br/>
              <div class="method-in-group">
                <span class="method-in-group-name">runScenario</span>
                <br/>
              </div> <!-- method-in-group -->
            </div> <!-- test-group -->
          </div> <!-- main-panel-content rounded-window-bottom -->
        </div> <!-- panel -->
        <div panel-name="times-Suite_Cucumber_All_Feature" class="panel">
          <div class="main-panel-header rounded-window-top">
            <span class="header-content">Times for Suite Cucumber All Feature</span>
          </div> <!-- main-panel-header rounded-window-top -->
          <div class="main-panel-content rounded-window-bottom">
            <div class="times-div">
              <script type="text/javascript">
suiteTableInitFunctions.push('tableData_Suite_Cucumber_All_Feature');
function tableData_Suite_Cucumber_All_Feature() {
var data = new google.visualization.DataTable();
data.addColumn('number', 'Number');
data.addColumn('string', 'Method');
data.addColumn('string', 'Class');
data.addColumn('number', 'Time (ms)');
data.addRows(10);
data.setCell(0, 0, 0)
data.setCell(0, 1, 'runScenario')
data.setCell(0, 2, 'com.project.runners.RunParallelAllScenarios')
<<<<<<< HEAD
data.setCell(0, 3, 19344);
=======
data.setCell(0, 3, 48405);
>>>>>>> branch 'master' of https://github.com/rijuissac/Selenium-TestNG-Cucumber-Framework.git
data.setCell(1, 0, 1)
data.setCell(1, 1, 'runScenario')
data.setCell(1, 2, 'com.project.runners.RunParallelAllScenarios')
<<<<<<< HEAD
data.setCell(1, 3, 13777);
=======
data.setCell(1, 3, 21147);
>>>>>>> branch 'master' of https://github.com/rijuissac/Selenium-TestNG-Cucumber-Framework.git
data.setCell(2, 0, 2)
data.setCell(2, 1, 'runScenario')
data.setCell(2, 2, 'com.project.runners.RunParallelAllScenarios')
<<<<<<< HEAD
data.setCell(2, 3, 13244);
=======
data.setCell(2, 3, 16475);
>>>>>>> branch 'master' of https://github.com/rijuissac/Selenium-TestNG-Cucumber-Framework.git
data.setCell(3, 0, 3)
data.setCell(3, 1, 'runScenario')
data.setCell(3, 2, 'com.project.runners.RunParallelAllScenarios')
<<<<<<< HEAD
data.setCell(3, 3, 9205);
=======
data.setCell(3, 3, 14989);
>>>>>>> branch 'master' of https://github.com/rijuissac/Selenium-TestNG-Cucumber-Framework.git
data.setCell(4, 0, 4)
data.setCell(4, 1, 'runScenario')
data.setCell(4, 2, 'com.project.runners.RunParallelAllScenarios')
<<<<<<< HEAD
data.setCell(4, 3, 9002);
=======
data.setCell(4, 3, 13612);
>>>>>>> branch 'master' of https://github.com/rijuissac/Selenium-TestNG-Cucumber-Framework.git
data.setCell(5, 0, 5)
data.setCell(5, 1, 'runScenario')
data.setCell(5, 2, 'com.project.runners.RunParallelAllScenarios')
<<<<<<< HEAD
data.setCell(5, 3, 2174);
=======
data.setCell(5, 3, 12741);
>>>>>>> branch 'master' of https://github.com/rijuissac/Selenium-TestNG-Cucumber-Framework.git
data.setCell(6, 0, 6)
data.setCell(6, 1, 'runScenario')
data.setCell(6, 2, 'com.project.runners.RunParallelAllScenarios')
<<<<<<< HEAD
data.setCell(6, 3, 1063);
=======
data.setCell(6, 3, 11986);
>>>>>>> branch 'master' of https://github.com/rijuissac/Selenium-TestNG-Cucumber-Framework.git
data.setCell(7, 0, 7)
data.setCell(7, 1, 'runScenario')
data.setCell(7, 2, 'com.project.runners.RunParallelAllScenarios')
<<<<<<< HEAD
data.setCell(7, 3, 895);
=======
data.setCell(7, 3, 8496);
>>>>>>> branch 'master' of https://github.com/rijuissac/Selenium-TestNG-Cucumber-Framework.git
data.setCell(8, 0, 8)
data.setCell(8, 1, 'runScenario')
data.setCell(8, 2, 'com.project.runners.RunParallelAllScenarios')
<<<<<<< HEAD
data.setCell(8, 3, 706);
=======
data.setCell(8, 3, 8031);
>>>>>>> branch 'master' of https://github.com/rijuissac/Selenium-TestNG-Cucumber-Framework.git
data.setCell(9, 0, 9)
data.setCell(9, 1, 'runScenario')
data.setCell(9, 2, 'com.project.runners.RunParallelAllScenarios')
<<<<<<< HEAD
data.setCell(9, 3, 626);
=======
data.setCell(9, 3, 7476);
>>>>>>> branch 'master' of https://github.com/rijuissac/Selenium-TestNG-Cucumber-Framework.git
window.suiteTableData['Suite_Cucumber_All_Feature']= { tableData: data, tableDiv: 'times-div-Suite_Cucumber_All_Feature'}
return data;
}
              </script>
              <span class="suite-total-time">Total running time: 1 minutes</span>
              <div id="times-div-Suite_Cucumber_All_Feature">
              </div> <!-- times-div-Suite_Cucumber_All_Feature -->
            </div> <!-- times-div -->
          </div> <!-- main-panel-content rounded-window-bottom -->
        </div> <!-- panel -->
        <div panel-name="reporter-Suite_Cucumber_All_Feature" class="panel">
          <div class="main-panel-header rounded-window-top">
            <span class="header-content">Reporter output for Suite Cucumber All Feature</span>
          </div> <!-- main-panel-header rounded-window-top -->
          <div class="main-panel-content rounded-window-bottom">
          </div> <!-- main-panel-content rounded-window-bottom -->
        </div> <!-- panel -->
        <div panel-name="ignored-methods-Suite_Cucumber_All_Feature" class="panel">
          <div class="main-panel-header rounded-window-top">
            <span class="header-content">0 ignored methods</span>
          </div> <!-- main-panel-header rounded-window-top -->
          <div class="main-panel-content rounded-window-bottom">
          </div> <!-- main-panel-content rounded-window-bottom -->
        </div> <!-- panel -->
        <div panel-name="chronological-Suite_Cucumber_All_Feature" class="panel">
          <div class="main-panel-header rounded-window-top">
            <span class="header-content">Methods in chronological order</span>
          </div> <!-- main-panel-header rounded-window-top -->
          <div class="main-panel-content rounded-window-bottom">
            <div class="chronological-class">
              <div class="chronological-class-name">com.project.runners.RunParallelAllScenarios</div> <!-- chronological-class-name -->
              <div class="configuration-suite before">
                <span class="method-name">beforeSuite</span>
                <span class="method-start">0 ms</span>
              </div> <!-- configuration-suite before -->
              <div class="configuration-class before">
<<<<<<< HEAD
                <span class="method-name">setUpClass(org.testng.TestRunner@596df867)</span>
                <span class="method-start">1150 ms</span>
=======
                <span class="method-name">setUpClass(org.testng.TestRunner@7e276594)</span>
                <span class="method-start">756 ms</span>
>>>>>>> branch 'master' of https://github.com/rijuissac/Selenium-TestNG-Cucumber-Framework.git
              </div> <!-- configuration-class before -->
              <div class="configuration-class before">
<<<<<<< HEAD
                <span class="method-name">setUpClass(org.testng.TestRunner@c1fca1e)</span>
                <span class="method-start">1150 ms</span>
=======
                <span class="method-name">setUpClass(org.testng.TestRunner@3401a114)</span>
                <span class="method-start">756 ms</span>
>>>>>>> branch 'master' of https://github.com/rijuissac/Selenium-TestNG-Cucumber-Framework.git
              </div> <!-- configuration-class before -->
              <div class="configuration-class before">
                <span class="method-name">setupBrowser(chrome)</span>
<<<<<<< HEAD
                <span class="method-start">2475 ms</span>
=======
                <span class="method-start">1493 ms</span>
>>>>>>> branch 'master' of https://github.com/rijuissac/Selenium-TestNG-Cucumber-Framework.git
              </div> <!-- configuration-class before -->
              <div class="configuration-class before">
                <span class="method-name">setupBrowser(firefox)</span>
<<<<<<< HEAD
                <span class="method-start">2475 ms</span>
=======
                <span class="method-start">1493 ms</span>
>>>>>>> branch 'master' of https://github.com/rijuissac/Selenium-TestNG-Cucumber-Framework.git
              </div> <!-- configuration-class before -->
              <div class="test-method">
                <img src="failed.png">
                </img>
                <span class="method-name">runScenario("login to the application as an admin", "Login to the application")</span>
<<<<<<< HEAD
                <span class="method-start">2509 ms</span>
=======
                <span class="method-start">1506 ms</span>
>>>>>>> branch 'master' of https://github.com/rijuissac/Selenium-TestNG-Cucumber-Framework.git
              </div> <!-- test-method -->
              <div class="test-method">
                <span class="method-name">runScenario("login to the application as an admin", "Login to the application")</span>
<<<<<<< HEAD
                <span class="method-start">2509 ms</span>
=======
                <span class="method-start">1506 ms</span>
>>>>>>> branch 'master' of https://github.com/rijuissac/Selenium-TestNG-Cucumber-Framework.git
              </div> <!-- test-method -->
              <div class="test-method">
                <span class="method-name">runScenario("login to the application as customer", "Login to the application")</span>
<<<<<<< HEAD
                <span class="method-start">4693 ms</span>
=======
                <span class="method-start">17984 ms</span>
              </div> <!-- test-method -->
              <div class="test-method">
                <span class="method-name">runScenario("login to the application as customer", "Login to the application")</span>
                <span class="method-start">22655 ms</span>
>>>>>>> branch 'master' of https://github.com/rijuissac/Selenium-TestNG-Cucumber-Framework.git
              </div> <!-- test-method -->
              <div class="test-method">
                <img src="failed.png">
                </img>
                <span class="method-name">runScenario("Successful registration with all mandatory fields", "Registration Scenarios")</span>
<<<<<<< HEAD
                <span class="method-start">5760 ms</span>
=======
                <span class="method-start">31153 ms</span>
>>>>>>> branch 'master' of https://github.com/rijuissac/Selenium-TestNG-Cucumber-Framework.git
              </div> <!-- test-method -->
              <div class="test-method">
<<<<<<< HEAD
                <img src="failed.png">
                </img>
                <span class="method-name">runScenario("Registration fails when email is missing", "Registration Scenarios")</span>
                <span class="method-start">6662 ms</span>
              </div> <!-- test-method -->
              <div class="test-method">
                <img src="failed.png">
                </img>
                <span class="method-name">runScenario("Registration fails when email and phone are missing", "Registration Scenarios")</span>
                <span class="method-start">7370 ms</span>
              </div> <!-- test-method -->
              <div class="configuration-class after">
                <span class="method-name">clearBrowser</span>
                <span class="method-start">8003 ms</span>
              </div> <!-- configuration-class after -->
              <div class="configuration-class after">
                <span class="method-name">tearDownClass</span>
                <span class="method-start">8004 ms</span>
              </div> <!-- configuration-class after -->
              <div class="test-method">
                <span class="method-name">runScenario("login to the application as customer", "Login to the application")</span>
                <span class="method-start">16288 ms</span>
              </div> <!-- test-method -->
              <div class="test-method">
                <img src="failed.png">
                </img>
=======
>>>>>>> branch 'master' of https://github.com/rijuissac/Selenium-TestNG-Cucumber-Framework.git
                <span class="method-name">runScenario("Successful registration with all mandatory fields", "Registration Scenarios")</span>
<<<<<<< HEAD
                <span class="method-start">29534 ms</span>
=======
                <span class="method-start">31597 ms</span>
>>>>>>> branch 'master' of https://github.com/rijuissac/Selenium-TestNG-Cucumber-Framework.git
              </div> <!-- test-method -->
              <div class="test-method">
                <span class="method-name">runScenario("Registration fails when email is missing", "Registration Scenarios")</span>
<<<<<<< HEAD
                <span class="method-start">48880 ms</span>
=======
                <span class="method-start">46588 ms</span>
>>>>>>> branch 'master' of https://github.com/rijuissac/Selenium-TestNG-Cucumber-Framework.git
              </div> <!-- test-method -->
              <div class="test-method">
                <span class="method-name">runScenario("Registration fails when email and phone are missing", "Registration Scenarios")</span>
<<<<<<< HEAD
                <span class="method-start">57884 ms</span>
=======
                <span class="method-start">59331 ms</span>
>>>>>>> branch 'master' of https://github.com/rijuissac/Selenium-TestNG-Cucumber-Framework.git
              </div> <!-- test-method -->
              <div class="configuration-class after">
                <span class="method-name">clearBrowser</span>
<<<<<<< HEAD
                <span class="method-start">67091 ms</span>
=======
                <span class="method-start">71320 ms</span>
>>>>>>> branch 'master' of https://github.com/rijuissac/Selenium-TestNG-Cucumber-Framework.git
              </div> <!-- configuration-class after -->
              <div class="configuration-class after">
                <span class="method-name">tearDownClass</span>
<<<<<<< HEAD
                <span class="method-start">67092 ms</span>
=======
                <span class="method-start">71320 ms</span>
              </div> <!-- configuration-class after -->
              <div class="test-method">
                <span class="method-name">runScenario("Registration fails when email is missing", "Registration Scenarios")</span>
                <span class="method-start">79558 ms</span>
              </div> <!-- test-method -->
              <div class="test-method">
                <span class="method-name">runScenario("Registration fails when email and phone are missing", "Registration Scenarios")</span>
                <span class="method-start">87034 ms</span>
              </div> <!-- test-method -->
              <div class="configuration-class after">
                <span class="method-name">tearDownClass</span>
                <span class="method-start">95067 ms</span>
              </div> <!-- configuration-class after -->
              <div class="configuration-class after">
                <span class="method-name">clearBrowser</span>
                <span class="method-start">95067 ms</span>
>>>>>>> branch 'master' of https://github.com/rijuissac/Selenium-TestNG-Cucumber-Framework.git
              </div> <!-- configuration-class after -->
          </div> <!-- main-panel-content rounded-window-bottom -->
        </div> <!-- panel -->
      </div> <!-- main-panel-root -->
    </div> <!-- wrapper -->
  </body>
<script type="text/javascript" src="testng-reports2.js"></script>
</html>
