<?xml version="1.0" encoding="UTF-8"?>
<testng-results ignored="0" total="2" passed="2" failed="0" skipped="0">
  <reporter-output>
  </reporter-output>
  <suite started-at="2025-07-08T12:14:18 NZST" name="Default suite" finished-at="2025-07-08T12:14:19 NZST" duration-ms="785">
    <groups>
      <group name="cucumber">
        <method signature="AbstractTestNGCucumberTests.runScenario(io.cucumber.testng.PickleWrapper,io.cucumber.testng.FeatureWrapper)[pri:0, instance:com.project.website.runners.testNGRunner@304bb45b]" name="runScenario" class="io.cucumber.testng.AbstractTestNGCucumberTests"/>
      </group> <!-- cucumber -->
    </groups>
    <test started-at="2025-07-08T12:14:18 NZST" name="Default test" finished-at="2025-07-08T12:14:19 NZST" duration-ms="785">
      <class name="com.project.website.runners.testNGRunner">
        <test-method is-config="true" signature="setUpClass(org.testng.ITestContext)[pri:0, instance:com.project.website.runners.testNGRunner@304bb45b]" started-at="2025-07-08T12:14:18 NZST" name="setUpClass" finished-at="2025-07-08T12:14:19 NZST" duration-ms="561" status="PASS">
          <params>
            <param index="0">
              <value>
                <![CDATA[org.testng.TestRunner@2d0bfb24]]>
              </value>
            </param>
          </params>
          <reporter-output>
          </reporter-output>
        </test-method> <!-- setUpClass -->
        <test-method signature="runScenario(io.cucumber.testng.PickleWrapper,io.cucumber.testng.FeatureWrapper)[pri:0, instance:com.project.website.runners.testNGRunner@304bb45b]" started-at="2025-07-08T12:14:19 NZST" name="runScenario" description="Runs Cucumber Scenarios" data-provider="scenarios" finished-at="2025-07-08T12:14:19 NZST" duration-ms="141" status="PASS">
          <params>
            <param index="0">
              <value>
                <![CDATA["login to the application"]]>
              </value>
            </param>
            <param index="1">
              <value>
                <![CDATA["Login to the application"]]>
              </value>
            </param>
          </params>
          <reporter-output>
          </reporter-output>
        </test-method> <!-- runScenario -->
        <test-method signature="runScenario(io.cucumber.testng.PickleWrapper,io.cucumber.testng.FeatureWrapper)[pri:0, instance:com.project.website.runners.testNGRunner@304bb45b]" started-at="2025-07-08T12:14:19 NZST" name="runScenario" description="Runs Cucumber Scenarios" data-provider="scenarios" finished-at="2025-07-08T12:14:19 NZST" duration-ms="6" status="PASS">
          <params>
            <param index="0">
              <value>
                <![CDATA["login to the application"]]>
              </value>
            </param>
            <param index="1">
              <value>
                <![CDATA["Login to the application"]]>
              </value>
            </param>
          </params>
          <reporter-output>
          </reporter-output>
        </test-method> <!-- runScenario -->
        <test-method is-config="true" signature="tearDownClass()[pri:0, instance:com.project.website.runners.testNGRunner@304bb45b]" started-at="2025-07-08T12:14:19 NZST" name="tearDownClass" finished-at="2025-07-08T12:14:19 NZST" duration-ms="22" status="PASS">
          <reporter-output>
          </reporter-output>
        </test-method> <!-- tearDownClass -->
      </class> <!-- com.project.website.runners.testNGRunner -->
    </test> <!-- Default test -->
  </suite> <!-- Default suite -->
</testng-results>
