<?xml version="1.0" encoding="UTF-8"?>
<testng-results ignored="0" total="10" passed="8" failed="2" skipped="0">
  <reporter-output>
  </reporter-output>
  <suite started-at="2025-07-23T20:08:08 NZST" name="Suite Cucumber All Feature" finished-at="2025-07-23T20:09:27 NZST" duration-ms="78724">
    <groups>
      <group name="cucumber">
        <method signature="AbstractTestNGCucumberTests.runScenario(io.cucumber.testng.PickleWrapper,io.cucumber.testng.FeatureWrapper)[pri:0, instance:com.project.runners.RunParallelAllScenarios@38c6f217]" name="runScenario" class="io.cucumber.testng.AbstractTestNGCucumberTests"/>
        <method signature="AbstractTestNGCucumberTests.runScenario(io.cucumber.testng.PickleWrapper,io.cucumber.testng.FeatureWrapper)[pri:0, instance:com.project.runners.RunParallelAllScenarios@4562e04d]" name="runScenario" class="io.cucumber.testng.AbstractTestNGCucumberTests"/>
      </group> <!-- cucumber -->
    </groups>
    <test started-at="2025-07-23T20:08:08 NZST" name="Test Cucumber All Feature Chrome" finished-at="2025-07-23T20:09:05 NZST" duration-ms="56717">
      <class name="com.project.runners.RunParallelAllScenarios">
        <test-method is-config="true" signature="setUpClass(org.testng.ITestContext)[pri:0, instance:com.project.runners.RunParallelAllScenarios@38c6f217]" started-at="2025-07-23T20:08:08 NZST" name="setUpClass" finished-at="2025-07-23T20:08:09 NZST" duration-ms="736" status="PASS">
          <params>
            <param index="0">
              <value>
                <![CDATA[org.testng.TestRunner@655ef322]]>
              </value>
            </param>
          </params>
          <reporter-output>
          </reporter-output>
        </test-method> <!-- setUpClass -->
        <test-method is-config="true" signature="setupBrowser(java.lang.String)[pri:0, instance:com.project.runners.RunParallelAllScenarios@38c6f217]" started-at="2025-07-23T20:08:09 NZST" name="setupBrowser" finished-at="2025-07-23T20:08:09 NZST" duration-ms="1" status="PASS">
          <params>
            <param index="0">
              <value>
                <![CDATA[chrome]]>
              </value>
            </param>
          </params>
          <reporter-output>
          </reporter-output>
        </test-method> <!-- setupBrowser -->
        <test-method signature="runScenario(io.cucumber.testng.PickleWrapper,io.cucumber.testng.FeatureWrapper)[pri:0, instance:com.project.runners.RunParallelAllScenarios@38c6f217]" started-at="2025-07-23T20:08:09 NZST" name="runScenario" description="Runs Cucumber Scenarios" data-provider="scenarios" finished-at="2025-07-23T20:08:24 NZST" duration-ms="14654" status="PASS">
          <params>
            <param index="0">
              <value>
                <![CDATA["login to the application as an admin"]]>
              </value>
            </param>
            <param index="1">
              <value>
                <![CDATA["Login to the application"]]>
              </value>
            </param>
          </params>
          <reporter-output>
          </reporter-output>
        </test-method> <!-- runScenario -->
        <test-method signature="runScenario(io.cucumber.testng.PickleWrapper,io.cucumber.testng.FeatureWrapper)[pri:0, instance:com.project.runners.RunParallelAllScenarios@38c6f217]" started-at="2025-07-23T20:08:24 NZST" name="runScenario" description="Runs Cucumber Scenarios" data-provider="scenarios" finished-at="2025-07-23T20:08:33 NZST" duration-ms="8741" status="PASS">
          <params>
            <param index="0">
              <value>
                <![CDATA["login to the application as customer"]]>
              </value>
            </param>
            <param index="1">
              <value>
                <![CDATA["Login to the application"]]>
              </value>
            </param>
          </params>
          <reporter-output>
          </reporter-output>
        </test-method> <!-- runScenario -->
        <test-method signature="runScenario(io.cucumber.testng.PickleWrapper,io.cucumber.testng.FeatureWrapper)[pri:0, instance:com.project.runners.RunParallelAllScenarios@38c6f217]" started-at="2025-07-23T20:08:33 NZST" name="runScenario" description="Runs Cucumber Scenarios" data-provider="scenarios" finished-at="2025-07-23T20:08:50 NZST" duration-ms="17487" status="FAIL">
          <params>
            <param index="0">
              <value>
                <![CDATA["Successful registration with all mandatory fields"]]>
              </value>
            </param>
            <param index="1">
              <value>
                <![CDATA["Registration Scenarios"]]>
              </value>
            </param>
          </params>
          <exception class="org.openqa.selenium.TimeoutException">
            <message>
              <![CDATA[Expected condition failed: waiting for url to be "https://practicesoftwaretesting.com/auth/login". Current url: "https://practicesoftwaretesting.com/auth/register" (tried for 10 second(s) with 500 milliseconds interval)
Build info: version: '4.34.0', revision: '707dcb4246*'
System info: os.name: 'Windows 11', os.arch: 'amd64', os.version: '10.0', java.version: '17.0.12'
Driver info: jdk.proxy2.$Proxy43]]>
            </message>
            <full-stacktrace>
              <![CDATA[org.openqa.selenium.TimeoutException: Expected condition failed: waiting for url to be "https://practicesoftwaretesting.com/auth/login". Current url: "https://practicesoftwaretesting.com/auth/register" (tried for 10 second(s) with 500 milliseconds interval)
Build info: version: '4.34.0', revision: '707dcb4246*'
System info: os.name: 'Windows 11', os.arch: 'amd64', os.version: '10.0', java.version: '17.0.12'
Driver info: jdk.proxy2.$Proxy43
at org.openqa.selenium.support.ui.WebDriverWait.timeoutException(WebDriverWait.java:84)
at org.openqa.selenium.support.ui.FluentWait.until(FluentWait.java:228)
at com.project.website.stepdefentions.RegistrationStepDefenitions.application_navigates_to_login_page_url(RegistrationStepDefenitions.java:99)
at ✽.user should be navigated to the login page URL "https://practicesoftwaretesting.com/auth/login"(file:///C:/Users/riju_/git/Selenium-TestNG-Cucumber-Framework/src/test/resources/feature/registration.feature:24)
]]>
            </full-stacktrace>
          </exception> <!-- org.openqa.selenium.TimeoutException -->
          <reporter-output>
          </reporter-output>
        </test-method> <!-- runScenario -->
        <test-method signature="runScenario(io.cucumber.testng.PickleWrapper,io.cucumber.testng.FeatureWrapper)[pri:0, instance:com.project.runners.RunParallelAllScenarios@38c6f217]" started-at="2025-07-23T20:08:50 NZST" name="runScenario" description="Runs Cucumber Scenarios" data-provider="scenarios" finished-at="2025-07-23T20:08:57 NZST" duration-ms="6780" status="PASS">
          <params>
            <param index="0">
              <value>
                <![CDATA["Registration fails when email is missing"]]>
              </value>
            </param>
            <param index="1">
              <value>
                <![CDATA["Registration Scenarios"]]>
              </value>
            </param>
          </params>
          <reporter-output>
          </reporter-output>
        </test-method> <!-- runScenario -->
        <test-method signature="runScenario(io.cucumber.testng.PickleWrapper,io.cucumber.testng.FeatureWrapper)[pri:0, instance:com.project.runners.RunParallelAllScenarios@38c6f217]" started-at="2025-07-23T20:08:57 NZST" name="runScenario" description="Runs Cucumber Scenarios" data-provider="scenarios" finished-at="2025-07-23T20:09:05 NZST" duration-ms="7626" status="PASS">
          <params>
            <param index="0">
              <value>
                <![CDATA["Registration fails when email and phone are missing"]]>
              </value>
            </param>
            <param index="1">
              <value>
                <![CDATA["Registration Scenarios"]]>
              </value>
            </param>
          </params>
          <reporter-output>
          </reporter-output>
        </test-method> <!-- runScenario -->
        <test-method is-config="true" signature="clearBrowser()[pri:0, instance:com.project.runners.RunParallelAllScenarios@38c6f217]" started-at="2025-07-23T20:09:05 NZST" name="clearBrowser" finished-at="2025-07-23T20:09:05 NZST" duration-ms="1" status="PASS">
          <reporter-output>
          </reporter-output>
        </test-method> <!-- clearBrowser -->
        <test-method is-config="true" signature="tearDownClass()[pri:0, instance:com.project.runners.RunParallelAllScenarios@38c6f217]" started-at="2025-07-23T20:09:05 NZST" name="tearDownClass" finished-at="2025-07-23T20:09:05 NZST" duration-ms="637" status="PASS">
          <reporter-output>
          </reporter-output>
        </test-method> <!-- tearDownClass -->
      </class> <!-- com.project.runners.RunParallelAllScenarios -->
    </test> <!-- Test Cucumber All Feature Chrome -->
    <test started-at="2025-07-23T20:08:08 NZST" name="Test Cucumber All Feature Firefox" finished-at="2025-07-23T20:09:27 NZST" duration-ms="78724">
      <class name="com.project.runners.RunParallelAllScenarios">
        <test-method is-config="true" signature="beforeSuite()[pri:0, instance:com.project.runners.RunParallelAllScenarios@4562e04d]" started-at="2025-07-23T20:08:08 NZST" name="beforeSuite" finished-at="2025-07-23T20:08:08 NZST" duration-ms="694" status="PASS">
          <reporter-output>
          </reporter-output>
        </test-method> <!-- beforeSuite -->
        <test-method is-config="true" signature="setUpClass(org.testng.ITestContext)[pri:0, instance:com.project.runners.RunParallelAllScenarios@4562e04d]" started-at="2025-07-23T20:08:08 NZST" name="setUpClass" finished-at="2025-07-23T20:08:09 NZST" duration-ms="736" status="PASS">
          <params>
            <param index="0">
              <value>
                <![CDATA[org.testng.TestRunner@7e276594]]>
              </value>
            </param>
          </params>
          <reporter-output>
          </reporter-output>
        </test-method> <!-- setUpClass -->
        <test-method is-config="true" signature="setupBrowser(java.lang.String)[pri:0, instance:com.project.runners.RunParallelAllScenarios@4562e04d]" started-at="2025-07-23T20:08:09 NZST" name="setupBrowser" finished-at="2025-07-23T20:08:09 NZST" duration-ms="1" status="PASS">
          <params>
            <param index="0">
              <value>
                <![CDATA[firefox]]>
              </value>
            </param>
          </params>
          <reporter-output>
          </reporter-output>
        </test-method> <!-- setupBrowser -->
        <test-method signature="runScenario(io.cucumber.testng.PickleWrapper,io.cucumber.testng.FeatureWrapper)[pri:0, instance:com.project.runners.RunParallelAllScenarios@4562e04d]" started-at="2025-07-23T20:08:09 NZST" name="runScenario" description="Runs Cucumber Scenarios" data-provider="scenarios" finished-at="2025-07-23T20:08:25 NZST" duration-ms="15328" status="PASS">
          <params>
            <param index="0">
              <value>
                <![CDATA["login to the application as an admin"]]>
              </value>
            </param>
            <param index="1">
              <value>
                <![CDATA["Login to the application"]]>
              </value>
            </param>
          </params>
          <reporter-output>
          </reporter-output>
        </test-method> <!-- runScenario -->
        <test-method signature="runScenario(io.cucumber.testng.PickleWrapper,io.cucumber.testng.FeatureWrapper)[pri:0, instance:com.project.runners.RunParallelAllScenarios@4562e04d]" started-at="2025-07-23T20:08:25 NZST" name="runScenario" description="Runs Cucumber Scenarios" data-provider="scenarios" finished-at="2025-07-23T20:08:38 NZST" duration-ms="13043" status="PASS">
          <params>
            <param index="0">
              <value>
                <![CDATA["login to the application as customer"]]>
              </value>
            </param>
            <param index="1">
              <value>
                <![CDATA["Login to the application"]]>
              </value>
            </param>
          </params>
          <reporter-output>
          </reporter-output>
        </test-method> <!-- runScenario -->
        <test-method signature="runScenario(io.cucumber.testng.PickleWrapper,io.cucumber.testng.FeatureWrapper)[pri:0, instance:com.project.runners.RunParallelAllScenarios@4562e04d]" started-at="2025-07-23T20:08:38 NZST" name="runScenario" description="Runs Cucumber Scenarios" data-provider="scenarios" finished-at="2025-07-23T20:09:01 NZST" duration-ms="23566" status="FAIL">
          <params>
            <param index="0">
              <value>
                <![CDATA["Successful registration with all mandatory fields"]]>
              </value>
            </param>
            <param index="1">
              <value>
                <![CDATA["Registration Scenarios"]]>
              </value>
            </param>
          </params>
          <exception class="org.openqa.selenium.TimeoutException">
            <message>
              <![CDATA[Expected condition failed: waiting for url to be "https://practicesoftwaretesting.com/auth/login". Current url: "https://practicesoftwaretesting.com/auth/register" (tried for 10 second(s) with 500 milliseconds interval)
Build info: version: '4.34.0', revision: '707dcb4246*'
System info: os.name: 'Windows 11', os.arch: 'amd64', os.version: '10.0', java.version: '17.0.12'
Driver info: jdk.proxy2.$Proxy41]]>
            </message>
            <full-stacktrace>
              <![CDATA[org.openqa.selenium.TimeoutException: Expected condition failed: waiting for url to be "https://practicesoftwaretesting.com/auth/login". Current url: "https://practicesoftwaretesting.com/auth/register" (tried for 10 second(s) with 500 milliseconds interval)
Build info: version: '4.34.0', revision: '707dcb4246*'
System info: os.name: 'Windows 11', os.arch: 'amd64', os.version: '10.0', java.version: '17.0.12'
Driver info: jdk.proxy2.$Proxy41
at org.openqa.selenium.support.ui.WebDriverWait.timeoutException(WebDriverWait.java:84)
at org.openqa.selenium.support.ui.FluentWait.until(FluentWait.java:228)
at com.project.website.stepdefentions.RegistrationStepDefenitions.application_navigates_to_login_page_url(RegistrationStepDefenitions.java:99)
at ✽.user should be navigated to the login page URL "https://practicesoftwaretesting.com/auth/login"(file:///C:/Users/riju_/git/Selenium-TestNG-Cucumber-Framework/src/test/resources/feature/registration.feature:24)
]]>
            </full-stacktrace>
          </exception> <!-- org.openqa.selenium.TimeoutException -->
          <reporter-output>
          </reporter-output>
        </test-method> <!-- runScenario -->
        <test-method signature="runScenario(io.cucumber.testng.PickleWrapper,io.cucumber.testng.FeatureWrapper)[pri:0, instance:com.project.runners.RunParallelAllScenarios@4562e04d]" started-at="2025-07-23T20:09:01 NZST" name="runScenario" description="Runs Cucumber Scenarios" data-provider="scenarios" finished-at="2025-07-23T20:09:14 NZST" duration-ms="13061" status="PASS">
          <params>
            <param index="0">
              <value>
                <![CDATA["Registration fails when email is missing"]]>
              </value>
            </param>
            <param index="1">
              <value>
                <![CDATA["Registration Scenarios"]]>
              </value>
            </param>
          </params>
          <reporter-output>
          </reporter-output>
        </test-method> <!-- runScenario -->
        <test-method signature="runScenario(io.cucumber.testng.PickleWrapper,io.cucumber.testng.FeatureWrapper)[pri:0, instance:com.project.runners.RunParallelAllScenarios@4562e04d]" started-at="2025-07-23T20:09:14 NZST" name="runScenario" description="Runs Cucumber Scenarios" data-provider="scenarios" finished-at="2025-07-23T20:09:27 NZST" duration-ms="12908" status="PASS">
          <params>
            <param index="0">
              <value>
                <![CDATA["Registration fails when email and phone are missing"]]>
              </value>
            </param>
            <param index="1">
              <value>
                <![CDATA["Registration Scenarios"]]>
              </value>
            </param>
          </params>
          <reporter-output>
          </reporter-output>
        </test-method> <!-- runScenario -->
        <test-method is-config="true" signature="tearDownClass()[pri:0, instance:com.project.runners.RunParallelAllScenarios@4562e04d]" started-at="2025-07-23T20:09:27 NZST" name="tearDownClass" finished-at="2025-07-23T20:09:27 NZST" duration-ms="40" status="PASS">
          <reporter-output>
          </reporter-output>
        </test-method> <!-- tearDownClass -->
        <test-method is-config="true" signature="clearBrowser()[pri:0, instance:com.project.runners.RunParallelAllScenarios@4562e04d]" started-at="2025-07-23T20:09:27 NZST" name="clearBrowser" finished-at="2025-07-23T20:09:27 NZST" duration-ms="0" status="PASS">
          <reporter-output>
          </reporter-output>
        </test-method> <!-- clearBrowser -->
      </class> <!-- com.project.runners.RunParallelAllScenarios -->
    </test> <!-- Test Cucumber All Feature Firefox -->
  </suite> <!-- Suite Cucumber All Feature -->
</testng-results>
