<?xml version="1.0" encoding="UTF-8"?>
<testng-results ignored="0" total="4" passed="4" failed="0" skipped="0">
  <reporter-output>
  </reporter-output>
  <suite started-at="2025-07-15T10:21:08 NZST" name="Suite Cucumber All Feature" finished-at="2025-07-15T10:21:31 NZST" duration-ms="23629">
    <groups>
      <group name="cucumber">
        <method signature="AbstractTestNGCucumberTests.runScenario(io.cucumber.testng.PickleWrapper,io.cucumber.testng.FeatureWrapper)[pri:0, instance:com.project.runners.TestNGRunner@55de24cc]" name="runScenario" class="io.cucumber.testng.AbstractTestNGCucumberTests"/>
        <method signature="AbstractTestNGCucumberTests.runScenario(io.cucumber.testng.PickleWrapper,io.cucumber.testng.FeatureWrapper)[pri:0, instance:com.project.runners.TestNGRunner@5dafbe45]" name="runScenario" class="io.cucumber.testng.AbstractTestNGCucumberTests"/>
      </group> <!-- cucumber -->
    </groups>
    <test started-at="2025-07-15T10:21:08 NZST" name="Test Cucumber All Feature Chrome" finished-at="2025-07-15T10:21:18 NZST" duration-ms="9892">
      <class name="com.project.runners.TestNGRunner">
        <test-method is-config="true" signature="setUpClass(org.testng.ITestContext)[pri:0, instance:com.project.runners.TestNGRunner@55de24cc]" started-at="2025-07-15T10:21:08 NZST" name="setUpClass" finished-at="2025-07-15T10:21:09 NZST" duration-ms="1370" status="PASS">
          <params>
            <param index="0">
              <value>
                <![CDATA[org.testng.TestRunner@4b2c5e02]]>
              </value>
            </param>
          </params>
          <reporter-output>
          </reporter-output>
        </test-method> <!-- setUpClass -->
        <test-method is-config="true" signature="setupBrowser(java.lang.String)[pri:0, instance:com.project.runners.TestNGRunner@55de24cc]" started-at="2025-07-15T10:21:09 NZST" name="setupBrowser" finished-at="2025-07-15T10:21:09 NZST" duration-ms="2" status="PASS">
          <params>
            <param index="0">
              <value>
                <![CDATA[chrome]]>
              </value>
            </param>
          </params>
          <reporter-output>
          </reporter-output>
        </test-method> <!-- setupBrowser -->
        <test-method is-config="true" signature="setBrowser(java.lang.String)[pri:0, instance:com.project.runners.TestNGRunner@55de24cc]" started-at="2025-07-15T10:21:09 NZST" name="setBrowser" finished-at="2025-07-15T10:21:09 NZST" duration-ms="4" status="PASS">
          <params>
            <param index="0">
              <value>
                <![CDATA[chrome]]>
              </value>
            </param>
          </params>
          <reporter-output>
          </reporter-output>
        </test-method> <!-- setBrowser -->
        <test-method signature="runScenario(io.cucumber.testng.PickleWrapper,io.cucumber.testng.FeatureWrapper)[pri:0, instance:com.project.runners.TestNGRunner@55de24cc]" started-at="2025-07-15T10:21:09 NZST" name="runScenario" description="Runs Cucumber Scenarios" data-provider="scenarios" finished-at="2025-07-15T10:21:12 NZST" duration-ms="3264" status="PASS">
          <params>
            <param index="0">
              <value>
                <![CDATA["login to the application"]]>
              </value>
            </param>
            <param index="1">
              <value>
                <![CDATA["Login to the application"]]>
              </value>
            </param>
          </params>
          <reporter-output>
          </reporter-output>
        </test-method> <!-- runScenario -->
        <test-method signature="runScenario(io.cucumber.testng.PickleWrapper,io.cucumber.testng.FeatureWrapper)[pri:0, instance:com.project.runners.TestNGRunner@55de24cc]" started-at="2025-07-15T10:21:12 NZST" name="runScenario" description="Runs Cucumber Scenarios" data-provider="scenarios" finished-at="2025-07-15T10:21:18 NZST" duration-ms="5135" status="PASS">
          <params>
            <param index="0">
              <value>
                <![CDATA["login to the application"]]>
              </value>
            </param>
            <param index="1">
              <value>
                <![CDATA["Login to the application"]]>
              </value>
            </param>
          </params>
          <reporter-output>
          </reporter-output>
        </test-method> <!-- runScenario -->
        <test-method is-config="true" signature="clearBrowser()[pri:0, instance:com.project.runners.TestNGRunner@55de24cc]" started-at="2025-07-15T10:21:18 NZST" name="clearBrowser" finished-at="2025-07-15T10:21:18 NZST" duration-ms="1" status="PASS">
          <reporter-output>
          </reporter-output>
        </test-method> <!-- clearBrowser -->
        <test-method is-config="true" signature="tearDownClass()[pri:0, instance:com.project.runners.TestNGRunner@55de24cc]" started-at="2025-07-15T10:21:18 NZST" name="tearDownClass" finished-at="2025-07-15T10:21:18 NZST" duration-ms="49" status="PASS">
          <reporter-output>
          </reporter-output>
        </test-method> <!-- tearDownClass -->
      </class> <!-- com.project.runners.TestNGRunner -->
    </test> <!-- Test Cucumber All Feature Chrome -->
    <test started-at="2025-07-15T10:21:08 NZST" name="Test Cucumber All Feature Firefox" finished-at="2025-07-15T10:21:31 NZST" duration-ms="23629">
      <class name="com.project.runners.TestNGRunner">
        <test-method is-config="true" signature="setUpClass(org.testng.ITestContext)[pri:0, instance:com.project.runners.TestNGRunner@5dafbe45]" started-at="2025-07-15T10:21:08 NZST" name="setUpClass" finished-at="2025-07-15T10:21:09 NZST" duration-ms="1369" status="PASS">
          <params>
            <param index="0">
              <value>
                <![CDATA[org.testng.TestRunner@57a3e26a]]>
              </value>
            </param>
          </params>
          <reporter-output>
          </reporter-output>
        </test-method> <!-- setUpClass -->
        <test-method is-config="true" signature="setupBrowser(java.lang.String)[pri:0, instance:com.project.runners.TestNGRunner@5dafbe45]" started-at="2025-07-15T10:21:09 NZST" name="setupBrowser" finished-at="2025-07-15T10:21:09 NZST" duration-ms="2" status="PASS">
          <params>
            <param index="0">
              <value>
                <![CDATA[firefox]]>
              </value>
            </param>
          </params>
          <reporter-output>
          </reporter-output>
        </test-method> <!-- setupBrowser -->
        <test-method is-config="true" signature="setBrowser(java.lang.String)[pri:0, instance:com.project.runners.TestNGRunner@5dafbe45]" started-at="2025-07-15T10:21:09 NZST" name="setBrowser" finished-at="2025-07-15T10:21:09 NZST" duration-ms="4" status="PASS">
          <params>
            <param index="0">
              <value>
                <![CDATA[firefox]]>
              </value>
            </param>
          </params>
          <reporter-output>
          </reporter-output>
        </test-method> <!-- setBrowser -->
        <test-method signature="runScenario(io.cucumber.testng.PickleWrapper,io.cucumber.testng.FeatureWrapper)[pri:0, instance:com.project.runners.TestNGRunner@5dafbe45]" started-at="2025-07-15T10:21:09 NZST" name="runScenario" description="Runs Cucumber Scenarios" data-provider="scenarios" finished-at="2025-07-15T10:21:20 NZST" duration-ms="10441" status="PASS">
          <params>
            <param index="0">
              <value>
                <![CDATA["login to the application"]]>
              </value>
            </param>
            <param index="1">
              <value>
                <![CDATA["Login to the application"]]>
              </value>
            </param>
          </params>
          <reporter-output>
          </reporter-output>
        </test-method> <!-- runScenario -->
        <test-method signature="runScenario(io.cucumber.testng.PickleWrapper,io.cucumber.testng.FeatureWrapper)[pri:0, instance:com.project.runners.TestNGRunner@5dafbe45]" started-at="2025-07-15T10:21:20 NZST" name="runScenario" description="Runs Cucumber Scenarios" data-provider="scenarios" finished-at="2025-07-15T10:21:31 NZST" duration-ms="11749" status="PASS">
          <params>
            <param index="0">
              <value>
                <![CDATA["login to the application"]]>
              </value>
            </param>
            <param index="1">
              <value>
                <![CDATA["Login to the application"]]>
              </value>
            </param>
          </params>
          <reporter-output>
          </reporter-output>
        </test-method> <!-- runScenario -->
        <test-method is-config="true" signature="clearBrowser()[pri:0, instance:com.project.runners.TestNGRunner@5dafbe45]" started-at="2025-07-15T10:21:31 NZST" name="clearBrowser" finished-at="2025-07-15T10:21:31 NZST" duration-ms="0" status="PASS">
          <reporter-output>
          </reporter-output>
        </test-method> <!-- clearBrowser -->
        <test-method is-config="true" signature="tearDownClass()[pri:0, instance:com.project.runners.TestNGRunner@5dafbe45]" started-at="2025-07-15T10:21:31 NZST" name="tearDownClass" finished-at="2025-07-15T10:21:31 NZST" duration-ms="9" status="PASS">
          <reporter-output>
          </reporter-output>
        </test-method> <!-- tearDownClass -->
      </class> <!-- com.project.runners.TestNGRunner -->
    </test> <!-- Test Cucumber All Feature Firefox -->
  </suite> <!-- Suite Cucumber All Feature -->
</testng-results>
