<?xml version="1.0" encoding="UTF-8"?>
<testng-results ignored="0" total="10" passed="9" failed="1" skipped="0">
  <reporter-output>
  </reporter-output>
  <suite started-at="2025-07-23T19:46:22 NZST" name="Suite Cucumber All Feature" finished-at="2025-07-23T19:47:57 NZST" duration-ms="94382">
    <groups>
      <group name="cucumber">
        <method signature="AbstractTestNGCucumberTests.runScenario(io.cucumber.testng.PickleWrapper,io.cucumber.testng.FeatureWrapper)[pri:0, instance:com.project.runners.RunParallelAllScenarios@478190fc]" name="runScenario" class="io.cucumber.testng.AbstractTestNGCucumberTests"/>
        <method signature="AbstractTestNGCucumberTests.runScenario(io.cucumber.testng.PickleWrapper,io.cucumber.testng.FeatureWrapper)[pri:0, instance:com.project.runners.RunParallelAllScenarios@2a65fe7c]" name="runScenario" class="io.cucumber.testng.AbstractTestNGCucumberTests"/>
      </group> <!-- cucumber -->
    </groups>
    <test started-at="2025-07-23T19:46:22 NZST" name="Test Cucumber All Feature Firefox" finished-at="2025-07-23T19:47:33 NZST" duration-ms="70990">
      <class name="com.project.runners.RunParallelAllScenarios">
        <test-method is-config="true" signature="beforeSuite()[pri:0, instance:com.project.runners.RunParallelAllScenarios@2a65fe7c]" started-at="2025-07-23T19:46:22 NZST" name="beforeSuite" finished-at="2025-07-23T19:46:22 NZST" duration-ms="726" status="PASS">
          <reporter-output>
          </reporter-output>
        </test-method> <!-- beforeSuite -->
        <test-method is-config="true" signature="setUpClass(org.testng.ITestContext)[pri:0, instance:com.project.runners.RunParallelAllScenarios@2a65fe7c]" started-at="2025-07-23T19:46:22 NZST" name="setUpClass" finished-at="2025-07-23T19:46:23 NZST" duration-ms="735" status="PASS">
          <params>
            <param index="0">
              <value>
                <![CDATA[org.testng.TestRunner@3401a114]]>
              </value>
            </param>
          </params>
          <reporter-output>
          </reporter-output>
        </test-method> <!-- setUpClass -->
        <test-method is-config="true" signature="setupBrowser(java.lang.String)[pri:0, instance:com.project.runners.RunParallelAllScenarios@2a65fe7c]" started-at="2025-07-23T19:46:23 NZST" name="setupBrowser" finished-at="2025-07-23T19:46:23 NZST" duration-ms="0" status="PASS">
          <params>
            <param index="0">
              <value>
                <![CDATA[firefox]]>
              </value>
            </param>
          </params>
          <reporter-output>
          </reporter-output>
        </test-method> <!-- setupBrowser -->
        <test-method signature="runScenario(io.cucumber.testng.PickleWrapper,io.cucumber.testng.FeatureWrapper)[pri:0, instance:com.project.runners.RunParallelAllScenarios@2a65fe7c]" started-at="2025-07-23T19:46:23 NZST" name="runScenario" description="Runs Cucumber Scenarios" data-provider="scenarios" finished-at="2025-07-23T19:46:40 NZST" duration-ms="16475" status="PASS">
          <params>
            <param index="0">
              <value>
                <![CDATA["login to the application as an admin"]]>
              </value>
            </param>
            <param index="1">
              <value>
                <![CDATA["Login to the application"]]>
              </value>
            </param>
          </params>
          <reporter-output>
          </reporter-output>
        </test-method> <!-- runScenario -->
        <test-method signature="runScenario(io.cucumber.testng.PickleWrapper,io.cucumber.testng.FeatureWrapper)[pri:0, instance:com.project.runners.RunParallelAllScenarios@2a65fe7c]" started-at="2025-07-23T19:46:40 NZST" name="runScenario" description="Runs Cucumber Scenarios" data-provider="scenarios" finished-at="2025-07-23T19:46:53 NZST" duration-ms="13612" status="PASS">
          <params>
            <param index="0">
              <value>
                <![CDATA["login to the application as customer"]]>
              </value>
            </param>
            <param index="1">
              <value>
                <![CDATA["Login to the application"]]>
              </value>
            </param>
          </params>
          <reporter-output>
          </reporter-output>
        </test-method> <!-- runScenario -->
        <test-method signature="runScenario(io.cucumber.testng.PickleWrapper,io.cucumber.testng.FeatureWrapper)[pri:0, instance:com.project.runners.RunParallelAllScenarios@2a65fe7c]" started-at="2025-07-23T19:46:53 NZST" name="runScenario" description="Runs Cucumber Scenarios" data-provider="scenarios" finished-at="2025-07-23T19:47:08 NZST" duration-ms="14989" status="PASS">
          <params>
            <param index="0">
              <value>
                <![CDATA["Successful registration with all mandatory fields"]]>
              </value>
            </param>
            <param index="1">
              <value>
                <![CDATA["Registration Scenarios"]]>
              </value>
            </param>
          </params>
          <reporter-output>
          </reporter-output>
        </test-method> <!-- runScenario -->
        <test-method signature="runScenario(io.cucumber.testng.PickleWrapper,io.cucumber.testng.FeatureWrapper)[pri:0, instance:com.project.runners.RunParallelAllScenarios@2a65fe7c]" started-at="2025-07-23T19:47:08 NZST" name="runScenario" description="Runs Cucumber Scenarios" data-provider="scenarios" finished-at="2025-07-23T19:47:21 NZST" duration-ms="12741" status="PASS">
          <params>
            <param index="0">
              <value>
                <![CDATA["Registration fails when email is missing"]]>
              </value>
            </param>
            <param index="1">
              <value>
                <![CDATA["Registration Scenarios"]]>
              </value>
            </param>
          </params>
          <reporter-output>
          </reporter-output>
        </test-method> <!-- runScenario -->
        <test-method signature="runScenario(io.cucumber.testng.PickleWrapper,io.cucumber.testng.FeatureWrapper)[pri:0, instance:com.project.runners.RunParallelAllScenarios@2a65fe7c]" started-at="2025-07-23T19:47:21 NZST" name="runScenario" description="Runs Cucumber Scenarios" data-provider="scenarios" finished-at="2025-07-23T19:47:33 NZST" duration-ms="11986" status="PASS">
          <params>
            <param index="0">
              <value>
                <![CDATA["Registration fails when email and phone are missing"]]>
              </value>
            </param>
            <param index="1">
              <value>
                <![CDATA["Registration Scenarios"]]>
              </value>
            </param>
          </params>
          <reporter-output>
          </reporter-output>
        </test-method> <!-- runScenario -->
        <test-method is-config="true" signature="clearBrowser()[pri:0, instance:com.project.runners.RunParallelAllScenarios@2a65fe7c]" started-at="2025-07-23T19:47:33 NZST" name="clearBrowser" finished-at="2025-07-23T19:47:33 NZST" duration-ms="0" status="PASS">
          <reporter-output>
          </reporter-output>
        </test-method> <!-- clearBrowser -->
        <test-method is-config="true" signature="tearDownClass()[pri:0, instance:com.project.runners.RunParallelAllScenarios@2a65fe7c]" started-at="2025-07-23T19:47:33 NZST" name="tearDownClass" finished-at="2025-07-23T19:47:33 NZST" duration-ms="396" status="PASS">
          <reporter-output>
          </reporter-output>
        </test-method> <!-- tearDownClass -->
      </class> <!-- com.project.runners.RunParallelAllScenarios -->
    </test> <!-- Test Cucumber All Feature Firefox -->
    <test started-at="2025-07-23T19:46:22 NZST" name="Test Cucumber All Feature Chrome" finished-at="2025-07-23T19:47:57 NZST" duration-ms="94382">
      <class name="com.project.runners.RunParallelAllScenarios">
        <test-method is-config="true" signature="setUpClass(org.testng.ITestContext)[pri:0, instance:com.project.runners.RunParallelAllScenarios@478190fc]" started-at="2025-07-23T19:46:22 NZST" name="setUpClass" finished-at="2025-07-23T19:46:23 NZST" duration-ms="735" status="PASS">
          <params>
            <param index="0">
              <value>
                <![CDATA[org.testng.TestRunner@7e276594]]>
              </value>
            </param>
          </params>
          <reporter-output>
          </reporter-output>
        </test-method> <!-- setUpClass -->
        <test-method is-config="true" signature="setupBrowser(java.lang.String)[pri:0, instance:com.project.runners.RunParallelAllScenarios@478190fc]" started-at="2025-07-23T19:46:23 NZST" name="setupBrowser" finished-at="2025-07-23T19:46:23 NZST" duration-ms="0" status="PASS">
          <params>
            <param index="0">
              <value>
                <![CDATA[chrome]]>
              </value>
            </param>
          </params>
          <reporter-output>
          </reporter-output>
        </test-method> <!-- setupBrowser -->
        <test-method signature="runScenario(io.cucumber.testng.PickleWrapper,io.cucumber.testng.FeatureWrapper)[pri:0, instance:com.project.runners.RunParallelAllScenarios@478190fc]" started-at="2025-07-23T19:46:23 NZST" name="runScenario" description="Runs Cucumber Scenarios" data-provider="scenarios" finished-at="2025-07-23T19:46:44 NZST" duration-ms="21147" status="PASS">
          <params>
            <param index="0">
              <value>
                <![CDATA["login to the application as an admin"]]>
              </value>
            </param>
            <param index="1">
              <value>
                <![CDATA["Login to the application"]]>
              </value>
            </param>
          </params>
          <reporter-output>
          </reporter-output>
        </test-method> <!-- runScenario -->
        <test-method signature="runScenario(io.cucumber.testng.PickleWrapper,io.cucumber.testng.FeatureWrapper)[pri:0, instance:com.project.runners.RunParallelAllScenarios@478190fc]" started-at="2025-07-23T19:46:44 NZST" name="runScenario" description="Runs Cucumber Scenarios" data-provider="scenarios" finished-at="2025-07-23T19:46:53 NZST" duration-ms="8496" status="PASS">
          <params>
            <param index="0">
              <value>
                <![CDATA["login to the application as customer"]]>
              </value>
            </param>
            <param index="1">
              <value>
                <![CDATA["Login to the application"]]>
              </value>
            </param>
          </params>
          <reporter-output>
          </reporter-output>
        </test-method> <!-- runScenario -->
        <test-method signature="runScenario(io.cucumber.testng.PickleWrapper,io.cucumber.testng.FeatureWrapper)[pri:0, instance:com.project.runners.RunParallelAllScenarios@478190fc]" started-at="2025-07-23T19:46:53 NZST" name="runScenario" description="Runs Cucumber Scenarios" data-provider="scenarios" finished-at="2025-07-23T19:47:41 NZST" duration-ms="48405" status="FAIL">
          <params>
            <param index="0">
              <value>
                <![CDATA["Successful registration with all mandatory fields"]]>
              </value>
            </param>
            <param index="1">
              <value>
                <![CDATA["Registration Scenarios"]]>
              </value>
            </param>
          </params>
          <exception class="org.openqa.selenium.TimeoutException">
            <message>
              <![CDATA[Expected condition failed: waiting for url to be "https://practicesoftwaretesting.com/auth/login". Current url: "https://practicesoftwaretesting.com/auth/register" (tried for 10 second(s) with 500 milliseconds interval)
Build info: version: '4.34.0', revision: '707dcb4246*'
System info: os.name: 'Windows 11', os.arch: 'amd64', os.version: '10.0', java.version: '17.0.12'
Driver info: jdk.proxy2.$Proxy43]]>
            </message>
            <full-stacktrace>
              <![CDATA[org.openqa.selenium.TimeoutException: Expected condition failed: waiting for url to be "https://practicesoftwaretesting.com/auth/login". Current url: "https://practicesoftwaretesting.com/auth/register" (tried for 10 second(s) with 500 milliseconds interval)
Build info: version: '4.34.0', revision: '707dcb4246*'
System info: os.name: 'Windows 11', os.arch: 'amd64', os.version: '10.0', java.version: '17.0.12'
Driver info: jdk.proxy2.$Proxy43
at org.openqa.selenium.support.ui.WebDriverWait.timeoutException(WebDriverWait.java:84)
at org.openqa.selenium.support.ui.FluentWait.until(FluentWait.java:228)
at com.project.website.stepdefentions.RegistrationStepDefenitions.application_navigates_to_login_page_url(RegistrationStepDefenitions.java:99)
at ✽.user should be navigated to the login page URL "https://practicesoftwaretesting.com/auth/login"(file:///C:/Users/riju_/git/Selenium-TestNG-Cucumber-Framework/src/test/resources/feature/registration.feature:24)
]]>
            </full-stacktrace>
          </exception> <!-- org.openqa.selenium.TimeoutException -->
          <reporter-output>
          </reporter-output>
        </test-method> <!-- runScenario -->
        <test-method signature="runScenario(io.cucumber.testng.PickleWrapper,io.cucumber.testng.FeatureWrapper)[pri:0, instance:com.project.runners.RunParallelAllScenarios@478190fc]" started-at="2025-07-23T19:47:41 NZST" name="runScenario" description="Runs Cucumber Scenarios" data-provider="scenarios" finished-at="2025-07-23T19:47:49 NZST" duration-ms="7476" status="PASS">
          <params>
            <param index="0">
              <value>
                <![CDATA["Registration fails when email is missing"]]>
              </value>
            </param>
            <param index="1">
              <value>
                <![CDATA["Registration Scenarios"]]>
              </value>
            </param>
          </params>
          <reporter-output>
          </reporter-output>
        </test-method> <!-- runScenario -->
        <test-method signature="runScenario(io.cucumber.testng.PickleWrapper,io.cucumber.testng.FeatureWrapper)[pri:0, instance:com.project.runners.RunParallelAllScenarios@478190fc]" started-at="2025-07-23T19:47:49 NZST" name="runScenario" description="Runs Cucumber Scenarios" data-provider="scenarios" finished-at="2025-07-23T19:47:57 NZST" duration-ms="8031" status="PASS">
          <params>
            <param index="0">
              <value>
                <![CDATA["Registration fails when email and phone are missing"]]>
              </value>
            </param>
            <param index="1">
              <value>
                <![CDATA["Registration Scenarios"]]>
              </value>
            </param>
          </params>
          <reporter-output>
          </reporter-output>
        </test-method> <!-- runScenario -->
        <test-method is-config="true" signature="tearDownClass()[pri:0, instance:com.project.runners.RunParallelAllScenarios@478190fc]" started-at="2025-07-23T19:47:57 NZST" name="tearDownClass" finished-at="2025-07-23T19:47:57 NZST" duration-ms="44" status="PASS">
          <reporter-output>
          </reporter-output>
        </test-method> <!-- tearDownClass -->
        <test-method is-config="true" signature="clearBrowser()[pri:0, instance:com.project.runners.RunParallelAllScenarios@478190fc]" started-at="2025-07-23T19:47:57 NZST" name="clearBrowser" finished-at="2025-07-23T19:47:57 NZST" duration-ms="0" status="PASS">
          <reporter-output>
          </reporter-output>
        </test-method> <!-- clearBrowser -->
      </class> <!-- com.project.runners.RunParallelAllScenarios -->
    </test> <!-- Test Cucumber All Feature Chrome -->
  </suite> <!-- Suite Cucumber All Feature -->
</testng-results>
