<?xml version="1.0" encoding="UTF-8"?>
<!-- Generated by org.testng.reporters.JUnitReportReporter -->
<testsuite hostname="Duco-X06U517358" failures="0" tests="10" name="com.project.runners.RunParallelAllScenarios" time="153.107" errors="1" timestamp="2025-07-21T13:03:39 NZST" skipped="0">
  <testcase classname="com.project.runners.RunParallelAllScenarios" name="runScenario" time="22.921"/>
  <testcase classname="com.project.runners.RunParallelAllScenarios" name="runScenario" time="11.192"/>
  <testcase classname="com.project.runners.RunParallelAllScenarios" name="runScenario" time="10.663"/>
  <testcase classname="com.project.runners.RunParallelAllScenarios" name="runScenario" time="14.529"/>
  <testcase classname="com.project.runners.RunParallelAllScenarios" name="runScenario" time="13.918"/>
  <testcase classname="com.project.runners.RunParallelAllScenarios" name="runScenario" time="10.534"/>
  <testcase classname="com.project.runners.RunParallelAllScenarios" name="runScenario" time="7.305"/>
  <testcase classname="com.project.runners.RunParallelAllScenarios" name="runScenario" time="17.071"/>
  <testcase classname="com.project.runners.RunParallelAllScenarios" name="runScenario" time="35.348">
    <error message="element not interactable
  (Session info: chrome=138.0.7204.101)
Build info: version: &#039;4.34.0&#039;, revision: &#039;707dcb4246*&#039;
System info: os.name: &#039;Windows 11&#039;, os.arch: &#039;amd64&#039;, os.version: &#039;10.0&#039;, java.version: &#039;21.0.4&#039;
Driver info: org.openqa.selenium.chrome.ChromeDriver
Command: [47e9618440a601fe45d7aff3a0ee8ec5, clickElement {id=f.E5BD2679831D7645D6BB1435E0B83068.d.7C5F8011B144985C344F36D22B7BAB78.e.14}]
Capabilities {acceptInsecureCerts: false, browserName: chrome, browserVersion: 138.0.7204.101, chrome: {chromedriverVersion: 138.0.7204.157 (e533e98b126..., userDataDir: C:\Users\RIJUIS~1\AppData\L...}, fedcm:accounts: true, goog:chromeOptions: {debuggerAddress: localhost:56650}, networkConnectionEnabled: false, pageLoadStrategy: normal, platformName: windows, proxy: Proxy(), se:cdp: ws://localhost:56650/devtoo..., se:cdpVersion: 138.0.7204.101, setWindowRect: true, strictFileInteractability: false, timeouts: {implicit: 0, pageLoad: 300000, script: 30000}, unhandledPromptBehavior: dismiss and notify, webauthn:extension:credBlob: true, webauthn:extension:largeBlob: true, webauthn:extension:minPinLength: true, webauthn:extension:prf: true, webauthn:virtualAuthenticators: true}
Element: [[ChromeDriver: chrome on windows (47e9618440a601fe45d7aff3a0ee8ec5)] -&gt; xpath: //a[contains(.,&#039;Sign in&#039;)]]
Session ID: 47e9618440a601fe45d7aff3a0ee8ec5" type="org.openqa.selenium.ElementNotInteractableException">
      <![CDATA[org.openqa.selenium.ElementNotInteractableException: element not interactable
  (Session info: chrome=138.0.7204.101)
Build info: version: '4.34.0', revision: '707dcb4246*'
System info: os.name: 'Windows 11', os.arch: 'amd64', os.version: '10.0', java.version: '21.0.4'
Driver info: org.openqa.selenium.chrome.ChromeDriver
Command: [47e9618440a601fe45d7aff3a0ee8ec5, clickElement {id=f.E5BD2679831D7645D6BB1435E0B83068.d.7C5F8011B144985C344F36D22B7BAB78.e.14}]
Capabilities {acceptInsecureCerts: false, browserName: chrome, browserVersion: 138.0.7204.101, chrome: {chromedriverVersion: 138.0.7204.157 (e533e98b126..., userDataDir: C:\Users\RIJUIS~1\AppData\L...}, fedcm:accounts: true, goog:chromeOptions: {debuggerAddress: localhost:56650}, networkConnectionEnabled: false, pageLoadStrategy: normal, platformName: windows, proxy: Proxy(), se:cdp: ws://localhost:56650/devtoo..., se:cdpVersion: 138.0.7204.101, setWindowRect: true, strictFileInteractability: false, timeouts: {implicit: 0, pageLoad: 300000, script: 30000}, unhandledPromptBehavior: dismiss and notify, webauthn:extension:credBlob: true, webauthn:extension:largeBlob: true, webauthn:extension:minPinLength: true, webauthn:extension:prf: true, webauthn:virtualAuthenticators: true}
Element: [[ChromeDriver: chrome on windows (47e9618440a601fe45d7aff3a0ee8ec5)] -> xpath: //a[contains(.,'Sign in')]]
Session ID: 47e9618440a601fe45d7aff3a0ee8ec5
at java.base/jdk.internal.reflect.DirectConstructorHandleAccessor.newInstance(DirectConstructorHandleAccessor.java:62)
at java.base/java.lang.reflect.Constructor.newInstanceWithCaller(Constructor.java:502)
at java.base/java.lang.reflect.Constructor.newInstance(Constructor.java:486)
at org.openqa.selenium.remote.ErrorCodec.decode(ErrorCodec.java:167)
at org.openqa.selenium.remote.codec.w3c.W3CHttpResponseCodec.decode(W3CHttpResponseCodec.java:138)
at org.openqa.selenium.remote.codec.w3c.W3CHttpResponseCodec.decode(W3CHttpResponseCodec.java:50)
at org.openqa.selenium.remote.HttpCommandExecutor.execute(HttpCommandExecutor.java:215)
at org.openqa.selenium.remote.service.DriverCommandExecutor.invokeExecute(DriverCommandExecutor.java:216)
at org.openqa.selenium.remote.service.DriverCommandExecutor.execute(DriverCommandExecutor.java:174)
at org.openqa.selenium.remote.RemoteWebDriver.execute(RemoteWebDriver.java:544)
at org.openqa.selenium.remote.RemoteWebElement.execute(RemoteWebElement.java:223)
at org.openqa.selenium.remote.RemoteWebElement.click(RemoteWebElement.java:76)
at com.project.website.pages.HomePage.clickLogin(HomePage.java:26)
at com.project.website.stepdefentions.RegistrationStepDefenitions.user_clicks_on_the_sign_in_field(RegistrationStepDefenitions.java:49)
at âœ½.user clicks on the Sign in link(file:///C:/Users/RijuIsaac/eclipse-workspace_1/Selenium-TestNG-Cucumber-Framework/src/test/resources/feature/registration.feature:6)
]]>
    </error>
  </testcase> <!-- runScenario -->
  <testcase classname="com.project.runners.RunParallelAllScenarios" name="runScenario" time="9.626"/>
</testsuite> <!-- com.project.runners.RunParallelAllScenarios -->
