<?xml version="1.0" encoding="UTF-8"?>
<!-- Generated by org.testng.reporters.JUnitReportReporter -->
<testsuite hostname="Duco-X06U517358" failures="0" tests="4" name="com.project.runners.TestNGRunner" time="30.589" errors="0" timestamp="2025-07-15T10:21:31 NZST" skipped="0">
  <testcase classname="com.project.runners.TestNGRunner" name="runScenario" time="3.264"/>
  <testcase classname="com.project.runners.TestNGRunner" name="runScenario" time="5.135"/>
  <testcase classname="com.project.runners.TestNGRunner" name="runScenario" time="10.441"/>
  <testcase classname="com.project.runners.TestNGRunner" name="runScenario" time="11.749"/>
</testsuite> <!-- com.project.runners.TestNGRunner -->
