<?xml version="1.0" encoding="UTF-8"?>
<!-- Generated by org.testng.reporters.JUnitReportReporter -->
<testsuite hostname="Duco-X06U517358" failures="0" tests="2" name="com.project.website.runners.testNGRunner" time="0.147" errors="0" timestamp="2025-07-08T12:14:19 NZST" skipped="0">
  <testcase classname="com.project.website.runners.testNGRunner" name="runScenario" time="0.006"/>
  <testcase classname="com.project.website.runners.testNGRunner" name="runScenario" time="0.141"/>
</testsuite> <!-- com.project.website.runners.testNGRunner -->
