<?xml version="1.0" encoding="UTF-8"?>
<!-- Generated by org.testng.reporters.JUnitReportReporter -->
<testsuite hostname="LAPTOP-LUFHO4CJ" failures="0" tests="10" name="com.project.runners.RunParallelAllScenarios" time="133.194" errors="2" timestamp="2025-07-23T20:09:27 NZST" skipped="0">
  <testcase classname="com.project.runners.RunParallelAllScenarios" name="runScenario" time="8.741"/>
  <system-out/>
  <testcase classname="com.project.runners.RunParallelAllScenarios" name="runScenario" time="15.328"/>
  <system-out/>
  <testcase classname="com.project.runners.RunParallelAllScenarios" name="runScenario" time="13.043"/>
  <system-out/>
  <testcase classname="com.project.runners.RunParallelAllScenarios" name="runScenario" time="14.654"/>
  <system-out/>
  <testcase classname="com.project.runners.RunParallelAllScenarios" name="runScenario" time="13.061"/>
  <system-out/>
  <testcase classname="com.project.runners.RunParallelAllScenarios" name="runScenario" time="12.908"/>
  <system-out/>
  <testcase classname="com.project.runners.RunParallelAllScenarios" name="runScenario" time="7.626"/>
  <system-out/>
  <testcase classname="com.project.runners.RunParallelAllScenarios" name="runScenario" time="23.566">
    <error message="Expected condition failed: waiting for url to be &quot;https://practicesoftwaretesting.com/auth/login&quot;. Current url: &quot;https://practicesoftwaretesting.com/auth/register&quot; (tried for 10 second(s) with 500 milliseconds interval)
Build info: version: &#039;4.34.0&#039;, revision: &#039;707dcb4246*&#039;
System info: os.name: &#039;Windows 11&#039;, os.arch: &#039;amd64&#039;, os.version: &#039;10.0&#039;, java.version: &#039;17.0.12&#039;
Driver info: jdk.proxy2.$Proxy41" type="org.openqa.selenium.TimeoutException">
      <![CDATA[org.openqa.selenium.TimeoutException: Expected condition failed: waiting for url to be "https://practicesoftwaretesting.com/auth/login". Current url: "https://practicesoftwaretesting.com/auth/register" (tried for 10 second(s) with 500 milliseconds interval)
Build info: version: '4.34.0', revision: '707dcb4246*'
System info: os.name: 'Windows 11', os.arch: 'amd64', os.version: '10.0', java.version: '17.0.12'
Driver info: jdk.proxy2.$Proxy41
at org.openqa.selenium.support.ui.WebDriverWait.timeoutException(WebDriverWait.java:84)
at org.openqa.selenium.support.ui.FluentWait.until(FluentWait.java:228)
at com.project.website.stepdefentions.RegistrationStepDefenitions.application_navigates_to_login_page_url(RegistrationStepDefenitions.java:99)
at ✽.user should be navigated to the login page URL "https://practicesoftwaretesting.com/auth/login"(file:///C:/Users/riju_/git/Selenium-TestNG-Cucumber-Framework/src/test/resources/feature/registration.feature:24)
]]>
    </error>
  </testcase> <!-- runScenario -->
  <system-out/>
  <testcase classname="com.project.runners.RunParallelAllScenarios" name="runScenario" time="17.487">
    <error message="Expected condition failed: waiting for url to be &quot;https://practicesoftwaretesting.com/auth/login&quot;. Current url: &quot;https://practicesoftwaretesting.com/auth/register&quot; (tried for 10 second(s) with 500 milliseconds interval)
Build info: version: &#039;4.34.0&#039;, revision: &#039;707dcb4246*&#039;
System info: os.name: &#039;Windows 11&#039;, os.arch: &#039;amd64&#039;, os.version: &#039;10.0&#039;, java.version: &#039;17.0.12&#039;
Driver info: jdk.proxy2.$Proxy43" type="org.openqa.selenium.TimeoutException">
      <![CDATA[org.openqa.selenium.TimeoutException: Expected condition failed: waiting for url to be "https://practicesoftwaretesting.com/auth/login". Current url: "https://practicesoftwaretesting.com/auth/register" (tried for 10 second(s) with 500 milliseconds interval)
Build info: version: '4.34.0', revision: '707dcb4246*'
System info: os.name: 'Windows 11', os.arch: 'amd64', os.version: '10.0', java.version: '17.0.12'
Driver info: jdk.proxy2.$Proxy43
at org.openqa.selenium.support.ui.WebDriverWait.timeoutException(WebDriverWait.java:84)
at org.openqa.selenium.support.ui.FluentWait.until(FluentWait.java:228)
at com.project.website.stepdefentions.RegistrationStepDefenitions.application_navigates_to_login_page_url(RegistrationStepDefenitions.java:99)
at ✽.user should be navigated to the login page URL "https://practicesoftwaretesting.com/auth/login"(file:///C:/Users/riju_/git/Selenium-TestNG-Cucumber-Framework/src/test/resources/feature/registration.feature:24)
]]>
    </error>
  </testcase> <!-- runScenario -->
  <system-out/>
  <testcase classname="com.project.runners.RunParallelAllScenarios" name="runScenario" time="6.780"/>
  <system-out/>
</testsuite> <!-- com.project.runners.RunParallelAllScenarios -->
